;  LST file generated by mikroListExporter - v.2.0 
; Date/Time: 05/09/2019 14:46:29
;----------------------------------------------

;Address Opcode 	ASM
0x0000	0x2B72      	GOTO       882
_Div_16X16_U:
;__Lib_Math.c,215 :: 		
;__Lib_Math.c,222 :: 		
0x0003	0x1283      	BCF        STATUS, 5
;__Lib_Math.c,223 :: 		
0x0004	0x1303      	BCF        STATUS, 6
;__Lib_Math.c,224 :: 		
0x0005	0x01F8      	CLRF       R8
;__Lib_Math.c,225 :: 		
0x0006	0x01F9      	CLRF       R9
;__Lib_Math.c,226 :: 		
0x0007	0x3010      	MOVLW      16
;__Lib_Math.c,227 :: 		
0x0008	0x00FC      	MOVWF      R12
;__Lib_Math.c,228 :: 		
0x0009	0x0D71      	RLF        R1, 0
;__Lib_Math.c,229 :: 		
0x000A	0x0DF8      	RLF        R8, 1
;__Lib_Math.c,230 :: 		
0x000B	0x0DF9      	RLF        R9, 1
;__Lib_Math.c,231 :: 		
0x000C	0x0874      	MOVF       R4, 0
;__Lib_Math.c,232 :: 		
0x000D	0x02F8      	SUBWF      R8, 1
;__Lib_Math.c,233 :: 		
0x000E	0x0875      	MOVF       R5, 0
;__Lib_Math.c,234 :: 		
0x000F	0x1C03      	BTFSS      STATUS, 0
;__Lib_Math.c,235 :: 		
0x0010	0x0F75      	INCFSZ     R5, 0
;__Lib_Math.c,236 :: 		
0x0011	0x02F9      	SUBWF      R9, 1
;__Lib_Math.c,237 :: 		
0x0012	0x1803      	BTFSC      STATUS, 0
;__Lib_Math.c,238 :: 		
0x0013	0x281B      	GOTO       $+8
;__Lib_Math.c,239 :: 		
0x0014	0x0874      	MOVF       R4, 0
;__Lib_Math.c,240 :: 		
0x0015	0x07F8      	ADDWF      R8, 1
;__Lib_Math.c,241 :: 		
0x0016	0x0875      	MOVF       R5, 0
;__Lib_Math.c,242 :: 		
0x0017	0x1803      	BTFSC      STATUS, 0
;__Lib_Math.c,243 :: 		
0x0018	0x0F75      	INCFSZ     R5, 0
;__Lib_Math.c,244 :: 		
0x0019	0x07F9      	ADDWF      R9, 1
;__Lib_Math.c,245 :: 		
0x001A	0x1003      	BCF        STATUS, 0
;__Lib_Math.c,246 :: 		
0x001B	0x0DF0      	RLF        R0, 1
;__Lib_Math.c,247 :: 		
0x001C	0x0DF1      	RLF        R1, 1
;__Lib_Math.c,248 :: 		
0x001D	0x0BFC      	DECFSZ     R12, 1
;__Lib_Math.c,249 :: 		
0x001E	0x2809      	GOTO       $-21
;__Lib_Math.c,251 :: 		
L_end_Div_16X16_U:
0x001F	0x0008      	RETURN
; end of _Div_16X16_U
_SDIV3232L:
;__Lib_Math.c,697 :: 		
;__Lib_Math.c,706 :: 		
0x0020	0x0874      	MOVF       R4, 0
;__Lib_Math.c,707 :: 		
0x0021	0x02F8      	SUBWF      R8, 1
;__Lib_Math.c,708 :: 		
0x0022	0x0875      	MOVF       R5, 0
;__Lib_Math.c,709 :: 		
0x0023	0x1C03      	BTFSS      STATUS, 0
;__Lib_Math.c,710 :: 		
0x0024	0x0F75      	INCFSZ     R5, 0
;__Lib_Math.c,711 :: 		
0x0025	0x02F9      	SUBWF      R9, 1
;__Lib_Math.c,712 :: 		
0x0026	0x0876      	MOVF       R6, 0
;__Lib_Math.c,713 :: 		
0x0027	0x1C03      	BTFSS      STATUS, 0
;__Lib_Math.c,714 :: 		
0x0028	0x0F76      	INCFSZ     R6, 0
;__Lib_Math.c,715 :: 		
0x0029	0x02FA      	SUBWF      R10, 1
;__Lib_Math.c,716 :: 		
0x002A	0x0877      	MOVF       R7, 0
;__Lib_Math.c,717 :: 		
0x002B	0x1C03      	BTFSS      STATUS, 0
;__Lib_Math.c,718 :: 		
0x002C	0x0F77      	INCFSZ     R7, 0
;__Lib_Math.c,719 :: 		
0x002D	0x02FB      	SUBWF      R11, 1
;__Lib_Math.c,720 :: 		
0x002E	0x0DF3      	RLF        R3, 1
;__Lib_Math.c,722 :: 		
0x002F	0x3007      	MOVLW      7
;__Lib_Math.c,723 :: 		
0x0030	0x00FC      	MOVWF      R12
;__Lib_Math.c,725 :: 		
LOOPS3232A:
;__Lib_Math.c,726 :: 		
0x0031	0x0D73      	RLF        R3, 0
;__Lib_Math.c,727 :: 		
0x0032	0x0DF8      	RLF        R8, 1
;__Lib_Math.c,728 :: 		
0x0033	0x0DF9      	RLF        R9, 1
;__Lib_Math.c,729 :: 		
0x0034	0x0DFA      	RLF        R10, 1
;__Lib_Math.c,730 :: 		
0x0035	0x0DFB      	RLF        R11, 1
;__Lib_Math.c,731 :: 		
0x0036	0x0874      	MOVF       R4, 0
;__Lib_Math.c,732 :: 		
0x0037	0x1C73      	BTFSS      R3, 0
;__Lib_Math.c,733 :: 		
0x0038	0x2847      	GOTO       SADD22LA
;__Lib_Math.c,735 :: 		
0x0039	0x02F8      	SUBWF      R8, 1
;__Lib_Math.c,736 :: 		
0x003A	0x0875      	MOVF       R5, 0
;__Lib_Math.c,737 :: 		
0x003B	0x1C03      	BTFSS      STATUS, 0
;__Lib_Math.c,738 :: 		
0x003C	0x0F75      	INCFSZ     R5, 0
;__Lib_Math.c,739 :: 		
0x003D	0x02F9      	SUBWF      R9, 1
;__Lib_Math.c,740 :: 		
0x003E	0x0876      	MOVF       R6, 0
;__Lib_Math.c,741 :: 		
0x003F	0x1C03      	BTFSS      STATUS, 0
;__Lib_Math.c,742 :: 		
0x0040	0x0F76      	INCFSZ     R6, 0
;__Lib_Math.c,743 :: 		
0x0041	0x02FA      	SUBWF      R10, 1
;__Lib_Math.c,744 :: 		
0x0042	0x0877      	MOVF       R7, 0
;__Lib_Math.c,745 :: 		
0x0043	0x1C03      	BTFSS      STATUS, 0
;__Lib_Math.c,746 :: 		
0x0044	0x0F77      	INCFSZ     R7, 0
;__Lib_Math.c,747 :: 		
0x0045	0x02FB      	SUBWF      R11, 1
;__Lib_Math.c,748 :: 		
0x0046	0x2854      	GOTO       SOK22LA
;__Lib_Math.c,750 :: 		
SADD22LA:
;__Lib_Math.c,751 :: 		
0x0047	0x07F8      	ADDWF      R8, 1
;__Lib_Math.c,752 :: 		
0x0048	0x0875      	MOVF       R5, 0
;__Lib_Math.c,753 :: 		
0x0049	0x1803      	BTFSC      STATUS, 0
;__Lib_Math.c,754 :: 		
0x004A	0x0F75      	INCFSZ     R5, 0
;__Lib_Math.c,755 :: 		
0x004B	0x07F9      	ADDWF      R9, 1
;__Lib_Math.c,756 :: 		
0x004C	0x0876      	MOVF       R6, 0
;__Lib_Math.c,757 :: 		
0x004D	0x1803      	BTFSC      STATUS, 0
;__Lib_Math.c,758 :: 		
0x004E	0x0F76      	INCFSZ     R6, 0
;__Lib_Math.c,759 :: 		
0x004F	0x07FA      	ADDWF      R10, 1
;__Lib_Math.c,760 :: 		
0x0050	0x0877      	MOVF       R7, 0
;__Lib_Math.c,761 :: 		
0x0051	0x1803      	BTFSC      STATUS, 0
;__Lib_Math.c,762 :: 		
0x0052	0x0F77      	INCFSZ     R7, 0
;__Lib_Math.c,763 :: 		
0x0053	0x07FB      	ADDWF      R11, 1
;__Lib_Math.c,765 :: 		
SOK22LA:
;__Lib_Math.c,766 :: 		
0x0054	0x0DF3      	RLF        R3, 1
;__Lib_Math.c,768 :: 		
0x0055	0x0BFC      	DECFSZ     R12, 1
;__Lib_Math.c,769 :: 		
0x0056	0x2831      	GOTO       LOOPS3232A
;__Lib_Math.c,771 :: 		
0x0057	0x0D72      	RLF        R2, 0
;__Lib_Math.c,772 :: 		
0x0058	0x0DF8      	RLF        R8, 1
;__Lib_Math.c,773 :: 		
0x0059	0x0DF9      	RLF        R9, 1
;__Lib_Math.c,774 :: 		
0x005A	0x0DFA      	RLF        R10, 1
;__Lib_Math.c,775 :: 		
0x005B	0x0DFB      	RLF        R11, 1
;__Lib_Math.c,776 :: 		
0x005C	0x0874      	MOVF       R4, 0
;__Lib_Math.c,777 :: 		
0x005D	0x1C73      	BTFSS      R3, 0
;__Lib_Math.c,778 :: 		
0x005E	0x286D      	GOTO       SADD22L8
;__Lib_Math.c,780 :: 		
0x005F	0x02F8      	SUBWF      R8, 1
;__Lib_Math.c,781 :: 		
0x0060	0x0875      	MOVF       R5, 0
;__Lib_Math.c,782 :: 		
0x0061	0x1C03      	BTFSS      STATUS, 0
;__Lib_Math.c,783 :: 		
0x0062	0x0F75      	INCFSZ     R5, 0
;__Lib_Math.c,784 :: 		
0x0063	0x02F9      	SUBWF      R9, 1
;__Lib_Math.c,785 :: 		
0x0064	0x0876      	MOVF       R6, 0
;__Lib_Math.c,786 :: 		
0x0065	0x1C03      	BTFSS      STATUS, 0
;__Lib_Math.c,787 :: 		
0x0066	0x0F76      	INCFSZ     R6, 0
;__Lib_Math.c,788 :: 		
0x0067	0x02FA      	SUBWF      R10, 1
;__Lib_Math.c,789 :: 		
0x0068	0x0877      	MOVF       R7, 0
;__Lib_Math.c,790 :: 		
0x0069	0x1C03      	BTFSS      STATUS, 0
;__Lib_Math.c,791 :: 		
0x006A	0x0F77      	INCFSZ     R7, 0
;__Lib_Math.c,792 :: 		
0x006B	0x02FB      	SUBWF      R11, 1
;__Lib_Math.c,793 :: 		
0x006C	0x287A      	GOTO       SOK22L8
;__Lib_Math.c,795 :: 		
SADD22L8:
;__Lib_Math.c,796 :: 		
0x006D	0x07F8      	ADDWF      R8, 1
;__Lib_Math.c,797 :: 		
0x006E	0x0875      	MOVF       R5, 0
;__Lib_Math.c,798 :: 		
0x006F	0x1803      	BTFSC      STATUS, 0
;__Lib_Math.c,799 :: 		
0x0070	0x0F75      	INCFSZ     R5, 0
;__Lib_Math.c,800 :: 		
0x0071	0x07F9      	ADDWF      R9, 1
;__Lib_Math.c,801 :: 		
0x0072	0x0876      	MOVF       R6, 0
;__Lib_Math.c,802 :: 		
0x0073	0x1803      	BTFSC      STATUS, 0
;__Lib_Math.c,803 :: 		
0x0074	0x0F76      	INCFSZ     R6, 0
;__Lib_Math.c,804 :: 		
0x0075	0x07FA      	ADDWF      R10, 1
;__Lib_Math.c,805 :: 		
0x0076	0x0877      	MOVF       R7, 0
;__Lib_Math.c,806 :: 		
0x0077	0x1803      	BTFSC      STATUS, 0
;__Lib_Math.c,807 :: 		
0x0078	0x0F77      	INCFSZ     R7, 0
;__Lib_Math.c,808 :: 		
0x0079	0x07FB      	ADDWF      R11, 1
;__Lib_Math.c,810 :: 		
SOK22L8:
;__Lib_Math.c,811 :: 		
0x007A	0x0DF2      	RLF        R2, 1
;__Lib_Math.c,813 :: 		
0x007B	0x3007      	MOVLW      7
;__Lib_Math.c,814 :: 		
0x007C	0x00FC      	MOVWF      R12
;__Lib_Math.c,816 :: 		
LOOPS3232B:
;__Lib_Math.c,817 :: 		
0x007D	0x0D72      	RLF        R2, 0
;__Lib_Math.c,818 :: 		
0x007E	0x0DF8      	RLF        R8, 1
;__Lib_Math.c,819 :: 		
0x007F	0x0DF9      	RLF        R9, 1
;__Lib_Math.c,820 :: 		
0x0080	0x0DFA      	RLF        R10, 1
;__Lib_Math.c,821 :: 		
0x0081	0x0DFB      	RLF        R11, 1
;__Lib_Math.c,822 :: 		
0x0082	0x0874      	MOVF       R4, 0
;__Lib_Math.c,823 :: 		
0x0083	0x1C72      	BTFSS      R2, 0
;__Lib_Math.c,824 :: 		
0x0084	0x2893      	GOTO       SADD22LB
;__Lib_Math.c,826 :: 		
0x0085	0x02F8      	SUBWF      R8, 1
;__Lib_Math.c,827 :: 		
0x0086	0x0875      	MOVF       R5, 0
;__Lib_Math.c,828 :: 		
0x0087	0x1C03      	BTFSS      STATUS, 0
;__Lib_Math.c,829 :: 		
0x0088	0x0F75      	INCFSZ     R5, 0
;__Lib_Math.c,830 :: 		
0x0089	0x02F9      	SUBWF      R9, 1
;__Lib_Math.c,831 :: 		
0x008A	0x0876      	MOVF       R6, 0
;__Lib_Math.c,832 :: 		
0x008B	0x1C03      	BTFSS      STATUS, 0
;__Lib_Math.c,833 :: 		
0x008C	0x0F76      	INCFSZ     R6, 0
;__Lib_Math.c,834 :: 		
0x008D	0x02FA      	SUBWF      R10, 1
;__Lib_Math.c,835 :: 		
0x008E	0x0877      	MOVF       R7, 0
;__Lib_Math.c,836 :: 		
0x008F	0x1C03      	BTFSS      STATUS, 0
;__Lib_Math.c,837 :: 		
0x0090	0x0F77      	INCFSZ     R7, 0
;__Lib_Math.c,838 :: 		
0x0091	0x02FB      	SUBWF      R11, 1
;__Lib_Math.c,839 :: 		
0x0092	0x28A0      	GOTO       SOK22LB
;__Lib_Math.c,841 :: 		
SADD22LB:
;__Lib_Math.c,842 :: 		
0x0093	0x07F8      	ADDWF      R8, 1
;__Lib_Math.c,843 :: 		
0x0094	0x0875      	MOVF       R5, 0
;__Lib_Math.c,844 :: 		
0x0095	0x1803      	BTFSC      STATUS, 0
;__Lib_Math.c,845 :: 		
0x0096	0x0F75      	INCFSZ     R5, 0
;__Lib_Math.c,846 :: 		
0x0097	0x07F9      	ADDWF      R9, 1
;__Lib_Math.c,847 :: 		
0x0098	0x0876      	MOVF       R6, 0
;__Lib_Math.c,848 :: 		
0x0099	0x1803      	BTFSC      STATUS, 0
;__Lib_Math.c,849 :: 		
0x009A	0x0F76      	INCFSZ     R6, 0
;__Lib_Math.c,850 :: 		
0x009B	0x07FA      	ADDWF      R10, 1
;__Lib_Math.c,851 :: 		
0x009C	0x0877      	MOVF       R7, 0
;__Lib_Math.c,852 :: 		
0x009D	0x1803      	BTFSC      STATUS, 0
;__Lib_Math.c,853 :: 		
0x009E	0x0F77      	INCFSZ     R7, 0
;__Lib_Math.c,854 :: 		
0x009F	0x07FB      	ADDWF      R11, 1
;__Lib_Math.c,856 :: 		
SOK22LB:
;__Lib_Math.c,857 :: 		
0x00A0	0x0DF2      	RLF        R2, 1
;__Lib_Math.c,859 :: 		
0x00A1	0x0BFC      	DECFSZ     R12, 1
;__Lib_Math.c,860 :: 		
0x00A2	0x287D      	GOTO       LOOPS3232B
;__Lib_Math.c,862 :: 		
0x00A3	0x0D71      	RLF        R1, 0
;__Lib_Math.c,863 :: 		
0x00A4	0x0DF8      	RLF        R8, 1
;__Lib_Math.c,864 :: 		
0x00A5	0x0DF9      	RLF        R9, 1
;__Lib_Math.c,865 :: 		
0x00A6	0x0DFA      	RLF        R10, 1
;__Lib_Math.c,866 :: 		
0x00A7	0x0DFB      	RLF        R11, 1
;__Lib_Math.c,867 :: 		
0x00A8	0x0874      	MOVF       R4, 0
;__Lib_Math.c,868 :: 		
0x00A9	0x1C72      	BTFSS      R2, 0
;__Lib_Math.c,869 :: 		
0x00AA	0x28B9      	GOTO       SADD22L16
;__Lib_Math.c,871 :: 		
0x00AB	0x02F8      	SUBWF      R8, 1
;__Lib_Math.c,872 :: 		
0x00AC	0x0875      	MOVF       R5, 0
;__Lib_Math.c,873 :: 		
0x00AD	0x1C03      	BTFSS      STATUS, 0
;__Lib_Math.c,874 :: 		
0x00AE	0x0F75      	INCFSZ     R5, 0
;__Lib_Math.c,875 :: 		
0x00AF	0x02F9      	SUBWF      R9, 1
;__Lib_Math.c,876 :: 		
0x00B0	0x0876      	MOVF       R6, 0
;__Lib_Math.c,877 :: 		
0x00B1	0x1C03      	BTFSS      STATUS, 0
;__Lib_Math.c,878 :: 		
0x00B2	0x0F76      	INCFSZ     R6, 0
;__Lib_Math.c,879 :: 		
0x00B3	0x02FA      	SUBWF      R10, 1
;__Lib_Math.c,880 :: 		
0x00B4	0x0877      	MOVF       R7, 0
;__Lib_Math.c,881 :: 		
0x00B5	0x1C03      	BTFSS      STATUS, 0
;__Lib_Math.c,882 :: 		
0x00B6	0x0F77      	INCFSZ     R7, 0
;__Lib_Math.c,883 :: 		
0x00B7	0x02FB      	SUBWF      R11, 1
;__Lib_Math.c,884 :: 		
0x00B8	0x28C6      	GOTO       SOK22L16
;__Lib_Math.c,886 :: 		
SADD22L16:
;__Lib_Math.c,887 :: 		
0x00B9	0x07F8      	ADDWF      R8, 1
;__Lib_Math.c,888 :: 		
0x00BA	0x0875      	MOVF       R5, 0
;__Lib_Math.c,889 :: 		
0x00BB	0x1803      	BTFSC      STATUS, 0
;__Lib_Math.c,890 :: 		
0x00BC	0x0F75      	INCFSZ     R5, 0
;__Lib_Math.c,891 :: 		
0x00BD	0x07F9      	ADDWF      R9, 1
;__Lib_Math.c,892 :: 		
0x00BE	0x0876      	MOVF       R6, 0
;__Lib_Math.c,893 :: 		
0x00BF	0x1803      	BTFSC      STATUS, 0
;__Lib_Math.c,894 :: 		
0x00C0	0x0F76      	INCFSZ     R6, 0
;__Lib_Math.c,895 :: 		
0x00C1	0x07FA      	ADDWF      R10, 1
;__Lib_Math.c,896 :: 		
0x00C2	0x0877      	MOVF       R7, 0
;__Lib_Math.c,897 :: 		
0x00C3	0x1803      	BTFSC      STATUS, 0
;__Lib_Math.c,898 :: 		
0x00C4	0x0F77      	INCFSZ     R7, 0
;__Lib_Math.c,899 :: 		
0x00C5	0x07FB      	ADDWF      R11, 1
;__Lib_Math.c,901 :: 		
SOK22L16:
;__Lib_Math.c,902 :: 		
0x00C6	0x0DF1      	RLF        R1, 1
;__Lib_Math.c,904 :: 		
0x00C7	0x3007      	MOVLW      7
;__Lib_Math.c,905 :: 		
0x00C8	0x00FC      	MOVWF      R12
;__Lib_Math.c,907 :: 		
LOOPS3232C:
;__Lib_Math.c,908 :: 		
0x00C9	0x0D71      	RLF        R1, 0
;__Lib_Math.c,909 :: 		
0x00CA	0x0DF8      	RLF        R8, 1
;__Lib_Math.c,910 :: 		
0x00CB	0x0DF9      	RLF        R9, 1
;__Lib_Math.c,911 :: 		
0x00CC	0x0DFA      	RLF        R10, 1
;__Lib_Math.c,912 :: 		
0x00CD	0x0DFB      	RLF        R11, 1
;__Lib_Math.c,913 :: 		
0x00CE	0x0874      	MOVF       R4, 0
;__Lib_Math.c,914 :: 		
0x00CF	0x1C71      	BTFSS      R1, 0
;__Lib_Math.c,915 :: 		
0x00D0	0x28DF      	GOTO       SADD22LC
;__Lib_Math.c,917 :: 		
0x00D1	0x02F8      	SUBWF      R8, 1
;__Lib_Math.c,918 :: 		
0x00D2	0x0875      	MOVF       R5, 0
;__Lib_Math.c,919 :: 		
0x00D3	0x1C03      	BTFSS      STATUS, 0
;__Lib_Math.c,920 :: 		
0x00D4	0x0F75      	INCFSZ     R5, 0
;__Lib_Math.c,921 :: 		
0x00D5	0x02F9      	SUBWF      R9, 1
;__Lib_Math.c,922 :: 		
0x00D6	0x0876      	MOVF       R6, 0
;__Lib_Math.c,923 :: 		
0x00D7	0x1C03      	BTFSS      STATUS, 0
;__Lib_Math.c,924 :: 		
0x00D8	0x0F76      	INCFSZ     R6, 0
;__Lib_Math.c,925 :: 		
0x00D9	0x02FA      	SUBWF      R10, 1
;__Lib_Math.c,926 :: 		
0x00DA	0x0877      	MOVF       R7, 0
;__Lib_Math.c,927 :: 		
0x00DB	0x1C03      	BTFSS      STATUS, 0
;__Lib_Math.c,928 :: 		
0x00DC	0x0F77      	INCFSZ     R7, 0
;__Lib_Math.c,929 :: 		
0x00DD	0x02FB      	SUBWF      R11, 1
;__Lib_Math.c,930 :: 		
0x00DE	0x28EC      	GOTO       SOK22LC
;__Lib_Math.c,932 :: 		
SADD22LC:
;__Lib_Math.c,933 :: 		
0x00DF	0x07F8      	ADDWF      R8, 1
;__Lib_Math.c,934 :: 		
0x00E0	0x0875      	MOVF       R5, 0
;__Lib_Math.c,935 :: 		
0x00E1	0x1803      	BTFSC      STATUS, 0
;__Lib_Math.c,936 :: 		
0x00E2	0x0F75      	INCFSZ     R5, 0
;__Lib_Math.c,937 :: 		
0x00E3	0x07F9      	ADDWF      R9, 1
;__Lib_Math.c,938 :: 		
0x00E4	0x0876      	MOVF       R6, 0
;__Lib_Math.c,939 :: 		
0x00E5	0x1803      	BTFSC      STATUS, 0
;__Lib_Math.c,940 :: 		
0x00E6	0x0F76      	INCFSZ     R6, 0
;__Lib_Math.c,941 :: 		
0x00E7	0x07FA      	ADDWF      R10, 1
;__Lib_Math.c,942 :: 		
0x00E8	0x0877      	MOVF       R7, 0
;__Lib_Math.c,943 :: 		
0x00E9	0x1803      	BTFSC      STATUS, 0
;__Lib_Math.c,944 :: 		
0x00EA	0x0F77      	INCFSZ     R7, 0
;__Lib_Math.c,945 :: 		
0x00EB	0x07FB      	ADDWF      R11, 1
;__Lib_Math.c,947 :: 		
SOK22LC:
;__Lib_Math.c,948 :: 		
0x00EC	0x0DF1      	RLF        R1, 1
;__Lib_Math.c,950 :: 		
0x00ED	0x0BFC      	DECFSZ     R12, 1
;__Lib_Math.c,951 :: 		
0x00EE	0x28C9      	GOTO       LOOPS3232C
;__Lib_Math.c,953 :: 		
0x00EF	0x0D70      	RLF        R0, 0
;__Lib_Math.c,954 :: 		
0x00F0	0x0DF8      	RLF        R8, 1
;__Lib_Math.c,955 :: 		
0x00F1	0x0DF9      	RLF        R9, 1
;__Lib_Math.c,956 :: 		
0x00F2	0x0DFA      	RLF        R10, 1
;__Lib_Math.c,957 :: 		
0x00F3	0x0DFB      	RLF        R11, 1
;__Lib_Math.c,958 :: 		
0x00F4	0x0874      	MOVF       R4, 0
;__Lib_Math.c,959 :: 		
0x00F5	0x1C71      	BTFSS      R1, 0
;__Lib_Math.c,960 :: 		
0x00F6	0x2905      	GOTO       SADD22L24
;__Lib_Math.c,962 :: 		
0x00F7	0x02F8      	SUBWF      R8, 1
;__Lib_Math.c,963 :: 		
0x00F8	0x0875      	MOVF       R5, 0
;__Lib_Math.c,964 :: 		
0x00F9	0x1C03      	BTFSS      STATUS, 0
;__Lib_Math.c,965 :: 		
0x00FA	0x0F75      	INCFSZ     R5, 0
;__Lib_Math.c,966 :: 		
0x00FB	0x02F9      	SUBWF      R9, 1
;__Lib_Math.c,967 :: 		
0x00FC	0x0876      	MOVF       R6, 0
;__Lib_Math.c,968 :: 		
0x00FD	0x1C03      	BTFSS      STATUS, 0
;__Lib_Math.c,969 :: 		
0x00FE	0x0F76      	INCFSZ     R6, 0
;__Lib_Math.c,970 :: 		
0x00FF	0x02FA      	SUBWF      R10, 1
;__Lib_Math.c,971 :: 		
0x0100	0x0877      	MOVF       R7, 0
;__Lib_Math.c,972 :: 		
0x0101	0x1C03      	BTFSS      STATUS, 0
;__Lib_Math.c,973 :: 		
0x0102	0x0F77      	INCFSZ     R7, 0
;__Lib_Math.c,974 :: 		
0x0103	0x02FB      	SUBWF      R11, 1
;__Lib_Math.c,975 :: 		
0x0104	0x2912      	GOTO       SOK22L24
;__Lib_Math.c,977 :: 		
SADD22L24:
;__Lib_Math.c,978 :: 		
0x0105	0x07F8      	ADDWF      R8, 1
;__Lib_Math.c,979 :: 		
0x0106	0x0875      	MOVF       R5, 0
;__Lib_Math.c,980 :: 		
0x0107	0x1803      	BTFSC      STATUS, 0
;__Lib_Math.c,981 :: 		
0x0108	0x0F75      	INCFSZ     R5, 0
;__Lib_Math.c,982 :: 		
0x0109	0x07F9      	ADDWF      R9, 1
;__Lib_Math.c,983 :: 		
0x010A	0x0876      	MOVF       R6, 0
;__Lib_Math.c,984 :: 		
0x010B	0x1803      	BTFSC      STATUS, 0
;__Lib_Math.c,985 :: 		
0x010C	0x0F76      	INCFSZ     R6, 0
;__Lib_Math.c,986 :: 		
0x010D	0x07FA      	ADDWF      R10, 1
;__Lib_Math.c,987 :: 		
0x010E	0x0877      	MOVF       R7, 0
;__Lib_Math.c,988 :: 		
0x010F	0x1803      	BTFSC      STATUS, 0
;__Lib_Math.c,989 :: 		
0x0110	0x0F77      	INCFSZ     R7, 0
;__Lib_Math.c,990 :: 		
0x0111	0x07FB      	ADDWF      R11, 1
;__Lib_Math.c,992 :: 		
SOK22L24:
;__Lib_Math.c,993 :: 		
0x0112	0x0DF0      	RLF        R0, 1
;__Lib_Math.c,995 :: 		
0x0113	0x3007      	MOVLW      7
;__Lib_Math.c,996 :: 		
0x0114	0x00FC      	MOVWF      R12
;__Lib_Math.c,998 :: 		
LOOPS3232D:
;__Lib_Math.c,999 :: 		
0x0115	0x0D70      	RLF        R0, 0
;__Lib_Math.c,1000 :: 		
0x0116	0x0DF8      	RLF        R8, 1
;__Lib_Math.c,1001 :: 		
0x0117	0x0DF9      	RLF        R9, 1
;__Lib_Math.c,1002 :: 		
0x0118	0x0DFA      	RLF        R10, 1
;__Lib_Math.c,1003 :: 		
0x0119	0x0DFB      	RLF        R11, 1
;__Lib_Math.c,1004 :: 		
0x011A	0x0874      	MOVF       R4, 0
;__Lib_Math.c,1005 :: 		
0x011B	0x1C70      	BTFSS      R0, 0
;__Lib_Math.c,1006 :: 		
0x011C	0x292B      	GOTO       SADD22LD
;__Lib_Math.c,1008 :: 		
0x011D	0x02F8      	SUBWF      R8, 1
;__Lib_Math.c,1009 :: 		
0x011E	0x0875      	MOVF       R5, 0
;__Lib_Math.c,1010 :: 		
0x011F	0x1C03      	BTFSS      STATUS, 0
;__Lib_Math.c,1011 :: 		
0x0120	0x0F75      	INCFSZ     R5, 0
;__Lib_Math.c,1012 :: 		
0x0121	0x02F9      	SUBWF      R9, 1
;__Lib_Math.c,1013 :: 		
0x0122	0x0876      	MOVF       R6, 0
;__Lib_Math.c,1014 :: 		
0x0123	0x1C03      	BTFSS      STATUS, 0
;__Lib_Math.c,1015 :: 		
0x0124	0x0F76      	INCFSZ     R6, 0
;__Lib_Math.c,1016 :: 		
0x0125	0x02FA      	SUBWF      R10, 1
;__Lib_Math.c,1017 :: 		
0x0126	0x0877      	MOVF       R7, 0
;__Lib_Math.c,1018 :: 		
0x0127	0x1C03      	BTFSS      STATUS, 0
;__Lib_Math.c,1019 :: 		
0x0128	0x0F77      	INCFSZ     R7, 0
;__Lib_Math.c,1020 :: 		
0x0129	0x02FB      	SUBWF      R11, 1
;__Lib_Math.c,1021 :: 		
0x012A	0x2938      	GOTO       SOK22LD
;__Lib_Math.c,1023 :: 		
SADD22LD:
;__Lib_Math.c,1024 :: 		
0x012B	0x07F8      	ADDWF      R8, 1
;__Lib_Math.c,1025 :: 		
0x012C	0x0875      	MOVF       R5, 0
;__Lib_Math.c,1026 :: 		
0x012D	0x1803      	BTFSC      STATUS, 0
;__Lib_Math.c,1027 :: 		
0x012E	0x0F75      	INCFSZ     R5, 0
;__Lib_Math.c,1028 :: 		
0x012F	0x07F9      	ADDWF      R9, 1
;__Lib_Math.c,1029 :: 		
0x0130	0x0876      	MOVF       R6, 0
;__Lib_Math.c,1030 :: 		
0x0131	0x1803      	BTFSC      STATUS, 0
;__Lib_Math.c,1031 :: 		
0x0132	0x0F76      	INCFSZ     R6, 0
;__Lib_Math.c,1032 :: 		
0x0133	0x07FA      	ADDWF      R10, 1
;__Lib_Math.c,1033 :: 		
0x0134	0x0877      	MOVF       R7, 0
;__Lib_Math.c,1034 :: 		
0x0135	0x1803      	BTFSC      STATUS, 0
;__Lib_Math.c,1036 :: 		
0x0136	0x0F77      	INCFSZ     R7, 0
;__Lib_Math.c,1037 :: 		
0x0137	0x07FB      	ADDWF      R11, 1
;__Lib_Math.c,1039 :: 		
SOK22LD:
;__Lib_Math.c,1040 :: 		
0x0138	0x0DF0      	RLF        R0, 1
;__Lib_Math.c,1042 :: 		
0x0139	0x0BFC      	DECFSZ     R12, 1
;__Lib_Math.c,1043 :: 		
0x013A	0x2915      	GOTO       LOOPS3232D
;__Lib_Math.c,1045 :: 		
0x013B	0x1870      	BTFSC      R0, 0
;__Lib_Math.c,1046 :: 		
0x013C	0x294B      	GOTO       SOK22L
;__Lib_Math.c,1047 :: 		
0x013D	0x0874      	MOVF       R4, 0
;__Lib_Math.c,1048 :: 		
0x013E	0x07F8      	ADDWF      R8, 1
;__Lib_Math.c,1049 :: 		
0x013F	0x0875      	MOVF       R5, 0
;__Lib_Math.c,1050 :: 		
0x0140	0x1803      	BTFSC      STATUS, 0
;__Lib_Math.c,1051 :: 		
0x0141	0x0F75      	INCFSZ     R5, 0
;__Lib_Math.c,1052 :: 		
0x0142	0x07F9      	ADDWF      R9, 1
;__Lib_Math.c,1053 :: 		
0x0143	0x0876      	MOVF       R6, 0
;__Lib_Math.c,1054 :: 		
0x0144	0x1803      	BTFSC      STATUS, 0
;__Lib_Math.c,1055 :: 		
0x0145	0x0F76      	INCFSZ     R6, 0
;__Lib_Math.c,1056 :: 		
0x0146	0x07FA      	ADDWF      R10, 1
;__Lib_Math.c,1057 :: 		
0x0147	0x0877      	MOVF       R7, 0
;__Lib_Math.c,1058 :: 		
0x0148	0x1803      	BTFSC      STATUS, 0
;__Lib_Math.c,1059 :: 		
0x0149	0x0F77      	INCFSZ     R7, 0
;__Lib_Math.c,1060 :: 		
0x014A	0x07FB      	ADDWF      R11, 1
;__Lib_Math.c,1061 :: 		
SOK22L:
;__Lib_Math.c,1064 :: 		
L_end_SDIV3232L:
0x014B	0x0008      	RETURN
; end of _SDIV3232L
_WordToStr:
;__Lib_Conversions.c,98 :: 		
;__Lib_Conversions.c,103 :: 		
0x014C	0x1283      	BCF        STATUS, 5
0x014D	0x1303      	BCF        STATUS, 6
0x014E	0x01D1      	CLRF       WordToStr_len_L0
L_WordToStr11:
0x014F	0x3005      	MOVLW      5
0x0150	0x0251      	SUBWF      WordToStr_len_L0, 0
0x0151	0x1803      	BTFSC      STATUS, 0
0x0152	0x295A      	GOTO       L_WordToStr12
;__Lib_Conversions.c,104 :: 		
0x0153	0x0851      	MOVF       WordToStr_len_L0, 0
0x0154	0x0750      	ADDWF      FARG_WordToStr_output, 0
0x0155	0x0084      	MOVWF      FSR
0x0156	0x3020      	MOVLW      32
0x0157	0x0080      	MOVWF      INDF
;__Lib_Conversions.c,103 :: 		
0x0158	0x0AD1      	INCF       WordToStr_len_L0, 1
;__Lib_Conversions.c,104 :: 		
0x0159	0x294F      	GOTO       L_WordToStr11
L_WordToStr12:
;__Lib_Conversions.c,105 :: 		
0x015A	0x0851      	MOVF       WordToStr_len_L0, 0
0x015B	0x0750      	ADDWF      FARG_WordToStr_output, 0
0x015C	0x0084      	MOVWF      FSR
0x015D	0x0180      	CLRF       INDF
0x015E	0x03D1      	DECF       WordToStr_len_L0, 1
;__Lib_Conversions.c,107 :: 		
L_WordToStr14:
;__Lib_Conversions.c,108 :: 		
0x015F	0x0851      	MOVF       WordToStr_len_L0, 0
0x0160	0x0750      	ADDWF      FARG_WordToStr_output, 0
0x0161	0x00D2      	MOVWF      FLOC__WordToStr
0x0162	0x300A      	MOVLW      10
0x0163	0x00F4      	MOVWF      R4
0x0164	0x01F5      	CLRF       R4+1
0x0165	0x084E      	MOVF       FARG_WordToStr_input, 0
0x0166	0x00F0      	MOVWF      R0
0x0167	0x084F      	MOVF       FARG_WordToStr_input+1, 0
0x0168	0x00F1      	MOVWF      R0+1
0x0169	0x2003      	CALL       _Div_16X16_U
0x016A	0x0878      	MOVF       R8, 0
0x016B	0x00F0      	MOVWF      R0
0x016C	0x0879      	MOVF       R8+1, 0
0x016D	0x00F1      	MOVWF      R0+1
0x016E	0x3030      	MOVLW      48
0x016F	0x07F0      	ADDWF      R0, 1
0x0170	0x0852      	MOVF       FLOC__WordToStr, 0
0x0171	0x0084      	MOVWF      FSR
0x0172	0x0870      	MOVF       R0, 0
0x0173	0x0080      	MOVWF      INDF
;__Lib_Conversions.c,109 :: 		
0x0174	0x300A      	MOVLW      10
0x0175	0x00F4      	MOVWF      R4
0x0176	0x01F5      	CLRF       R4+1
0x0177	0x084E      	MOVF       FARG_WordToStr_input, 0
0x0178	0x00F0      	MOVWF      R0
0x0179	0x084F      	MOVF       FARG_WordToStr_input+1, 0
0x017A	0x00F1      	MOVWF      R0+1
0x017B	0x2003      	CALL       _Div_16X16_U
0x017C	0x0870      	MOVF       R0, 0
0x017D	0x00CE      	MOVWF      FARG_WordToStr_input
0x017E	0x0871      	MOVF       R0+1, 0
0x017F	0x00CF      	MOVWF      FARG_WordToStr_input+1
;__Lib_Conversions.c,110 :: 		
0x0180	0x3000      	MOVLW      0
0x0181	0x0671      	XORWF      R0+1, 0
0x0182	0x1D03      	BTFSS      STATUS, 2
0x0183	0x2986      	GOTO       L__WordToStr159
0x0184	0x3000      	MOVLW      0
0x0185	0x0670      	XORWF      R0, 0
L__WordToStr159:
0x0186	0x1D03      	BTFSS      STATUS, 2
0x0187	0x2989      	GOTO       L_WordToStr16
;__Lib_Conversions.c,111 :: 		
0x0188	0x298B      	GOTO       L_WordToStr15
L_WordToStr16:
;__Lib_Conversions.c,112 :: 		
0x0189	0x03D1      	DECF       WordToStr_len_L0, 1
;__Lib_Conversions.c,113 :: 		
0x018A	0x295F      	GOTO       L_WordToStr14
L_WordToStr15:
;__Lib_Conversions.c,114 :: 		
L_end_WordToStr:
0x018B	0x0008      	RETURN
; end of _WordToStr
_COMFREM:
;__Lib_Math.c,1066 :: 		
;__Lib_Math.c,1070 :: 		
0x018C	0x09FB      	COMF       R11, 1
;__Lib_Math.c,1071 :: 		
0x018D	0x09FA      	COMF       R10, 1
;__Lib_Math.c,1072 :: 		
0x018E	0x09F9      	COMF       R9, 1
;__Lib_Math.c,1073 :: 		
0x018F	0x09F8      	COMF       R8, 1
;__Lib_Math.c,1074 :: 		
0x0190	0x0AF8      	INCF       R8, 1
;__Lib_Math.c,1075 :: 		
0x0191	0x1903      	BTFSC      STATUS, 2
;__Lib_Math.c,1076 :: 		
0x0192	0x0AF9      	INCF       R9, 1
;__Lib_Math.c,1077 :: 		
0x0193	0x1903      	BTFSC      STATUS, 2
;__Lib_Math.c,1078 :: 		
0x0194	0x0AFA      	INCF       R10, 1
;__Lib_Math.c,1079 :: 		
0x0195	0x1903      	BTFSC      STATUS, 2
;__Lib_Math.c,1080 :: 		
0x0196	0x0AFB      	INCF       R11, 1
;__Lib_Math.c,1082 :: 		
L_end_COMFREM:
0x0197	0x0008      	RETURN
; end of _COMFREM
_____DoICP:
;__Lib_System.c,6 :: 		
;__Lib_System.c,9 :: 		
0x0198	0x1283      	BCF        STATUS, 5
0x0199	0x1303      	BCF        STATUS, 6
0x019A	0x083C      	MOVF       ___DoICPAddr+1, 0
0x019B	0x008A      	MOVWF      PCLATH
;__Lib_System.c,10 :: 		
0x019C	0x083B      	MOVF       ___DoICPAddr, 0
0x019D	0x0082      	MOVWF      PCL
;__Lib_System.c,12 :: 		
L_end_____DoICP:
0x019E	0x0008      	RETURN
; end of _____DoICP
_Delay_22us:
;__Lib_Delays.c,15 :: 		void Delay_22us() {
;__Lib_Delays.c,16 :: 		Delay_us(22);
0x019F	0x301D      	MOVLW      29
0x01A0	0x1283      	BCF        STATUS, 5
0x01A1	0x1303      	BCF        STATUS, 6
0x01A2	0x00FD      	MOVWF      R13
L_Delay_22us1:
0x01A3	0x0BFD      	DECFSZ     R13, 1
0x01A4	0x29A3      	GOTO       L_Delay_22us1
;__Lib_Delays.c,17 :: 		}
L_end_Delay_22us:
0x01A5	0x0008      	RETURN
; end of _Delay_22us
_UART1_Write:
;__Lib_UART_c67.c,39 :: 		
;__Lib_UART_c67.c,40 :: 		
L_UART1_Write3:
0x01A6	0x1683      	BSF        STATUS, 5
0x01A7	0x1303      	BCF        STATUS, 6
0x01A8	0x1898      	BTFSC      TXSTA, 1
0x01A9	0x29AC      	GOTO       L_UART1_Write4
;__Lib_UART_c67.c,41 :: 		
0x01AA	0x0000      	NOP
0x01AB	0x29A6      	GOTO       L_UART1_Write3
L_UART1_Write4:
;__Lib_UART_c67.c,42 :: 		
0x01AC	0x1283      	BCF        STATUS, 5
0x01AD	0x084E      	MOVF       FARG_UART1_Write_data_, 0
0x01AE	0x0099      	MOVWF      TXREG
;__Lib_UART_c67.c,43 :: 		
L_end_UART1_Write:
0x01AF	0x0008      	RETURN
; end of _UART1_Write
_ADC_Read:
;__Lib_ADC_A_C.c,68 :: 		
;__Lib_ADC_A_C.c,70 :: 		
0x01B0	0x1283      	BCF        STATUS, 5
0x01B1	0x1303      	BCF        STATUS, 6
0x01B2	0x019F      	CLRF       ADCON0
;__Lib_ADC_A_C.c,71 :: 		
0x01B3	0x30C0      	MOVLW      192
0x01B4	0x049F      	IORWF      ADCON0, 1
;__Lib_ADC_A_C.c,72 :: 		
0x01B5	0x0930      	COMF       _vref_mask, 0
0x01B6	0x00F0      	MOVWF      R0
0x01B7	0x0870      	MOVF       R0, 0
0x01B8	0x1683      	BSF        STATUS, 5
0x01B9	0x059F      	ANDWF      ADCON1, 1
;__Lib_ADC_A_C.c,73 :: 		
0x01BA	0x171F      	BSF        ADCON1, 6
;__Lib_ADC_A_C.c,74 :: 		
0x01BB	0x179F      	BSF        ADCON1, 7
;__Lib_ADC_A_C.c,75 :: 		
0x01BC	0x1283      	BCF        STATUS, 5
0x01BD	0x0845      	MOVF       FARG_ADC_Read_channel, 0
0x01BE	0x00F0      	MOVWF      R0
0x01BF	0x0DF0      	RLF        R0, 1
0x01C0	0x1070      	BCF        R0, 0
0x01C1	0x0DF0      	RLF        R0, 1
0x01C2	0x1070      	BCF        R0, 0
0x01C3	0x0DF0      	RLF        R0, 1
0x01C4	0x1070      	BCF        R0, 0
0x01C5	0x0870      	MOVF       R0, 0
0x01C6	0x049F      	IORWF      ADCON0, 1
;__Lib_ADC_A_C.c,78 :: 		
0x01C7	0x141F      	BSF        ADCON0, 0
;__Lib_ADC_A_C.c,81 :: 		
0x01C8	0x219F      	CALL       _Delay_22us
;__Lib_ADC_A_C.c,84 :: 		
0x01C9	0x151F      	BSF        ADCON0, 2
;__Lib_ADC_A_C.c,87 :: 		
L_ADC_Read2:
0x01CA	0x1D1F      	BTFSS      ADCON0, 2
0x01CB	0x29CE      	GOTO       L_ADC_Read3
;__Lib_ADC_A_C.c,88 :: 		
0x01CC	0x0000      	NOP
0x01CD	0x29CA      	GOTO       L_ADC_Read2
L_ADC_Read3:
;__Lib_ADC_A_C.c,91 :: 		
0x01CE	0x101F      	BCF        ADCON0, 0
;__Lib_ADC_A_C.c,94 :: 		
0x01CF	0x081E      	MOVF       ADRESH, 0
0x01D0	0x00F1      	MOVWF      R0+1
0x01D1	0x01F0      	CLRF       R0
0x01D2	0x1683      	BSF        STATUS, 5
0x01D3	0x081E      	MOVF       ADRESL, 0
0x01D4	0x04F0      	IORWF      R0, 1
0x01D5	0x3000      	MOVLW      0
0x01D6	0x04F1      	IORWF      R0+1, 1
;__Lib_ADC_A_C.c,95 :: 		
L_end_ADC_Read:
0x01D7	0x0008      	RETURN
; end of _ADC_Read
_UART1_Init:
;__Lib_UART_c67.c,2 :: 		
;__Lib_UART_c67.c,5 :: 		
0x01D8	0x1683      	BSF        STATUS, 5
0x01D9	0x1303      	BCF        STATUS, 6
0x01DA	0x1698      	BSF        TXSTA, 5
;__Lib_UART_c67.c,6 :: 		
0x01DB	0x3090      	MOVLW      144
0x01DC	0x1283      	BCF        STATUS, 5
0x01DD	0x0098      	MOVWF      RCSTA
;__Lib_UART_c67.c,7 :: 		
0x01DE	0x1683      	BSF        STATUS, 5
0x01DF	0x1787      	BSF        TRISC7_bit, BitPos(TRISC7_bit+0)
;__Lib_UART_c67.c,8 :: 		
0x01E0	0x1307      	BCF        TRISC6_bit, BitPos(TRISC6_bit+0)
;__Lib_UART_c67.c,10 :: 		
L_UART1_Init0:
0x01E1	0x1283      	BCF        STATUS, 5
0x01E2	0x1E8C      	BTFSS      PIR1, 5
0x01E3	0x29E7      	GOTO       L_UART1_Init1
;__Lib_UART_c67.c,11 :: 		
0x01E4	0x081A      	MOVF       RCREG, 0
0x01E5	0x00F0      	MOVWF      R0
0x01E6	0x29E1      	GOTO       L_UART1_Init0
L_UART1_Init1:
;__Lib_UART_c67.c,12 :: 		
L_end_UART1_Init:
0x01E7	0x0008      	RETURN
; end of _UART1_Init
_Div_32x32_S:
;__Lib_Math.c,1091 :: 		
;__Lib_Math.c,1102 :: 		
;__Lib_Math.c,1105 :: 		
0x01E8	0x1283      	BCF        STATUS, 5
0x01E9	0x1303      	BCF        STATUS, 6
0x01EA	0x0874      	MOVF       R4, 0
0x01EB	0x3A00      	XORLW      0
0x01EC	0x1D03      	BTFSS      STATUS, 2
0x01ED	0x2A03      	GOTO       L_Div_32x32_S6
;__Lib_Math.c,1106 :: 		
0x01EE	0x0875      	MOVF       R5, 0
0x01EF	0x3A00      	XORLW      0
0x01F0	0x1D03      	BTFSS      STATUS, 2
0x01F1	0x2A03      	GOTO       L_Div_32x32_S7
;__Lib_Math.c,1107 :: 		
0x01F2	0x0876      	MOVF       R6, 0
0x01F3	0x3A00      	XORLW      0
0x01F4	0x1D03      	BTFSS      STATUS, 2
0x01F5	0x2A03      	GOTO       L_Div_32x32_S8
;__Lib_Math.c,1108 :: 		
0x01F6	0x0877      	MOVF       R7, 0
0x01F7	0x3A00      	XORLW      0
0x01F8	0x1D03      	BTFSS      STATUS, 2
0x01F9	0x2A03      	GOTO       L_Div_32x32_S9
;__Lib_Math.c,1109 :: 		
0x01FA	0x30FF      	MOVLW      255
0x01FB	0x00F0      	MOVWF      R0
;__Lib_Math.c,1110 :: 		
0x01FC	0x30FF      	MOVLW      255
0x01FD	0x00F1      	MOVWF      R1
;__Lib_Math.c,1111 :: 		
0x01FE	0x30FF      	MOVLW      255
0x01FF	0x00F2      	MOVWF      R2
;__Lib_Math.c,1112 :: 		
0x0200	0x307F      	MOVLW      127
0x0201	0x00F3      	MOVWF      R3
;__Lib_Math.c,1113 :: 		
0x0202	0x2A9C      	GOTO       L_end_Div_32x32_S
;__Lib_Math.c,1114 :: 		
L_Div_32x32_S9:
L_Div_32x32_S8:
L_Div_32x32_S7:
L_Div_32x32_S6:
;__Lib_Math.c,1117 :: 		
0x0203	0x1283      	BCF        STATUS, 5
;__Lib_Math.c,1118 :: 		
0x0204	0x1303      	BCF        STATUS, 6
;__Lib_Math.c,1120 :: 		
0x0205	0x01FC      	CLRF       R12
;__Lib_Math.c,1121 :: 		
0x0206	0x1BF7      	BTFSC      R7, 7
;__Lib_Math.c,1122 :: 		
0x0207	0x0AFC      	INCF       R12, 1
;__Lib_Math.c,1124 :: 		
0x0208	0x01FD      	CLRF       R13
;__Lib_Math.c,1125 :: 		
0x0209	0x01FB      	CLRF       R11
;__Lib_Math.c,1126 :: 		
0x020A	0x01FA      	CLRF       R10
;__Lib_Math.c,1127 :: 		
0x020B	0x01F9      	CLRF       R9
;__Lib_Math.c,1128 :: 		
0x020C	0x01F8      	CLRF       R8
;__Lib_Math.c,1129 :: 		
0x020D	0x0873      	MOVF       R3, 0
;__Lib_Math.c,1130 :: 		
0x020E	0x0472      	IORWF      R2, 0
;__Lib_Math.c,1131 :: 		
0x020F	0x0471      	IORWF      R1, 0
;__Lib_Math.c,1132 :: 		
0x0210	0x0470      	IORWF      R0, 0
;__Lib_Math.c,1133 :: 		
0x0211	0x1903      	BTFSC      STATUS, 2
;__Lib_Math.c,1134 :: 		
0x0212	0x2A97      	GOTO       END_ALL
;__Lib_Math.c,1136 :: 		
0x0213	0x0873      	MOVF       R3, 0
;__Lib_Math.c,1137 :: 		
0x0214	0x0677      	XORWF      R7, 0
;__Lib_Math.c,1138 :: 		
0x0215	0x00A0      	MOVWF      ___math_tempb
;__Lib_Math.c,1139 :: 		
0x0216	0x1BA0      	BTFSC      ___math_tempb, 7
;__Lib_Math.c,1140 :: 		
0x0217	0x09FD      	COMF       R13, 1
;__Lib_Math.c,1144 :: 		
0x0218	0x1FF7      	BTFSS      R7, 7
;__Lib_Math.c,1145 :: 		
0x0219	0x2A25      	GOTO       CA3232S
;__Lib_Math.c,1147 :: 		
0x021A	0x09F4      	COMF       R4, 1
;__Lib_Math.c,1148 :: 		
0x021B	0x09F5      	COMF       R5, 1
;__Lib_Math.c,1149 :: 		
0x021C	0x09F6      	COMF       R6, 1
;__Lib_Math.c,1150 :: 		
0x021D	0x09F7      	COMF       R7, 1
;__Lib_Math.c,1151 :: 		
0x021E	0x0AF4      	INCF       R4, 1
;__Lib_Math.c,1152 :: 		
0x021F	0x1903      	BTFSC      STATUS, 2
;__Lib_Math.c,1153 :: 		
0x0220	0x0AF5      	INCF       R5, 1
;__Lib_Math.c,1154 :: 		
0x0221	0x1903      	BTFSC      STATUS, 2
;__Lib_Math.c,1155 :: 		
0x0222	0x0AF6      	INCF       R6, 1
;__Lib_Math.c,1156 :: 		
0x0223	0x1903      	BTFSC      STATUS, 2
;__Lib_Math.c,1157 :: 		
0x0224	0x0AF7      	INCF       R7, 1
;__Lib_Math.c,1159 :: 		
CA3232S:
;__Lib_Math.c,1160 :: 		
0x0225	0x1FF3      	BTFSS      R3, 7
;__Lib_Math.c,1161 :: 		
0x0226	0x2A32      	GOTO       C3232SX
;__Lib_Math.c,1163 :: 		
0x0227	0x09F0      	COMF       R0, 1
;__Lib_Math.c,1164 :: 		
0x0228	0x09F1      	COMF       R1, 1
;__Lib_Math.c,1165 :: 		
0x0229	0x09F2      	COMF       R2, 1
;__Lib_Math.c,1166 :: 		
0x022A	0x09F3      	COMF       R3, 1
;__Lib_Math.c,1167 :: 		
0x022B	0x0AF0      	INCF       R0, 1
;__Lib_Math.c,1168 :: 		
0x022C	0x1903      	BTFSC      STATUS, 2
;__Lib_Math.c,1169 :: 		
0x022D	0x0AF1      	INCF       R1, 1
;__Lib_Math.c,1170 :: 		
0x022E	0x1903      	BTFSC      STATUS, 2
;__Lib_Math.c,1171 :: 		
0x022F	0x0AF2      	INCF       R2, 1
;__Lib_Math.c,1172 :: 		
0x0230	0x1903      	BTFSC      STATUS, 2
;__Lib_Math.c,1173 :: 		
0x0231	0x0AF3      	INCF       R3, 1
;__Lib_Math.c,1175 :: 		
C3232SX:
;__Lib_Math.c,1176 :: 		
0x0232	0x0873      	MOVF       R3, 0
;__Lib_Math.c,1177 :: 		
0x0233	0x0477      	IORWF      R7, 0
;__Lib_Math.c,1178 :: 		
0x0234	0x00A0      	MOVWF      ___math_tempb
;__Lib_Math.c,1179 :: 		
0x0235	0x1BA0      	BTFSC      ___math_tempb, 7
;__Lib_Math.c,1180 :: 		
0x0236	0x2A53      	GOTO       C3232SX1
;__Lib_Math.c,1182 :: 		
C3232S:
;__Lib_Math.c,1185 :: 		
0x0237	0x2020      	CALL       _SDIV3232L
;__Lib_Math.c,1189 :: 		
0x0238	0x1BFC      	BTFSC      R12, 7
;__Lib_Math.c,1190 :: 		
0x0239	0x2A70      	GOTO       C3232SX4
;__Lib_Math.c,1192 :: 		
C3232SOK:
;__Lib_Math.c,1193 :: 		
0x023A	0x1FFD      	BTFSS      R13, 7
;__Lib_Math.c,1194 :: 		
0x023B	0x2A97      	GOTO       END_ALL
;__Lib_Math.c,1196 :: 		
0x023C	0x09F0      	COMF       R0, 1
;__Lib_Math.c,1197 :: 		
0x023D	0x09F1      	COMF       R1, 1
;__Lib_Math.c,1198 :: 		
0x023E	0x09F2      	COMF       R2, 1
;__Lib_Math.c,1199 :: 		
0x023F	0x09F3      	COMF       R3, 1
;__Lib_Math.c,1200 :: 		
0x0240	0x0AF0      	INCF       R0, 1
;__Lib_Math.c,1201 :: 		
0x0241	0x1903      	BTFSC      STATUS, 2
;__Lib_Math.c,1202 :: 		
0x0242	0x0AF1      	INCF       R1, 1
;__Lib_Math.c,1203 :: 		
0x0243	0x1903      	BTFSC      STATUS, 2
;__Lib_Math.c,1204 :: 		
0x0244	0x0AF2      	INCF       R2, 1
;__Lib_Math.c,1205 :: 		
0x0245	0x1903      	BTFSC      STATUS, 2
;__Lib_Math.c,1206 :: 		
0x0246	0x0AF3      	INCF       R3, 1
;__Lib_Math.c,1208 :: 		
0x0247	0x09F8      	COMF       R8, 1
;__Lib_Math.c,1209 :: 		
0x0248	0x09F9      	COMF       R9, 1
;__Lib_Math.c,1210 :: 		
0x0249	0x09FA      	COMF       R10, 1
;__Lib_Math.c,1211 :: 		
0x024A	0x09FB      	COMF       R11, 1
;__Lib_Math.c,1212 :: 		
0x024B	0x0AF8      	INCF       R8, 1
;__Lib_Math.c,1213 :: 		
0x024C	0x1903      	BTFSC      STATUS, 2
;__Lib_Math.c,1214 :: 		
0x024D	0x0AF9      	INCF       R9, 1
;__Lib_Math.c,1215 :: 		
0x024E	0x1903      	BTFSC      STATUS, 2
;__Lib_Math.c,1216 :: 		
0x024F	0x0AFA      	INCF       R10, 1
;__Lib_Math.c,1217 :: 		
0x0250	0x1903      	BTFSC      STATUS, 2
;__Lib_Math.c,1218 :: 		
0x0251	0x0AFB      	INCF       R11, 1
;__Lib_Math.c,1220 :: 		
0x0252	0x2A97      	GOTO       END_ALL
;__Lib_Math.c,1222 :: 		
C3232SX1:
;__Lib_Math.c,1223 :: 		
0x0253	0x1FF7      	BTFSS      R7, 7
;__Lib_Math.c,1224 :: 		
0x0254	0x2A6A      	GOTO       C3232SX3
;__Lib_Math.c,1225 :: 		
0x0255	0x1BF3      	BTFSC      R3, 7
;__Lib_Math.c,1226 :: 		
0x0256	0x2A64      	GOTO       C3232SX2
;__Lib_Math.c,1227 :: 		
0x0257	0x0873      	MOVF       R3, 0
;__Lib_Math.c,1228 :: 		
0x0258	0x00FB      	MOVWF      R11
;__Lib_Math.c,1229 :: 		
0x0259	0x0872      	MOVF       R2, 0
;__Lib_Math.c,1230 :: 		
0x025A	0x00FA      	MOVWF      R10
;__Lib_Math.c,1231 :: 		
0x025B	0x0871      	MOVF       R1, 0
;__Lib_Math.c,1232 :: 		
0x025C	0x00F9      	MOVWF      R9
;__Lib_Math.c,1233 :: 		
0x025D	0x0870      	MOVF       R0, 0
;__Lib_Math.c,1234 :: 		
0x025E	0x00F8      	MOVWF      R8
;__Lib_Math.c,1235 :: 		
0x025F	0x01F3      	CLRF       R3
;__Lib_Math.c,1236 :: 		
0x0260	0x01F2      	CLRF       R2
;__Lib_Math.c,1237 :: 		
0x0261	0x01F1      	CLRF       R1
;__Lib_Math.c,1238 :: 		
0x0262	0x01F0      	CLRF       R0
;__Lib_Math.c,1239 :: 		
0x0263	0x2A3A      	GOTO       C3232SOK
;__Lib_Math.c,1240 :: 		
C3232SX2:
;__Lib_Math.c,1241 :: 		
0x0264	0x01F3      	CLRF       R3
;__Lib_Math.c,1242 :: 		
0x0265	0x01F2      	CLRF       R2
;__Lib_Math.c,1243 :: 		
0x0266	0x01F1      	CLRF       R1
;__Lib_Math.c,1244 :: 		
0x0267	0x01F0      	CLRF       R0
;__Lib_Math.c,1245 :: 		
0x0268	0x0AF0      	INCF       R0, 1
;__Lib_Math.c,1246 :: 		
0x0269	0x3400      	RETLW      0
;__Lib_Math.c,1248 :: 		
C3232SX3:
;__Lib_Math.c,1249 :: 		
0x026A	0x09F3      	COMF       R3, 1
;__Lib_Math.c,1250 :: 		
0x026B	0x09F2      	COMF       R2, 1
;__Lib_Math.c,1251 :: 		
0x026C	0x09F1      	COMF       R1, 1
;__Lib_Math.c,1252 :: 		
0x026D	0x09F0      	COMF       R0, 1
;__Lib_Math.c,1254 :: 		
0x026E	0x17FC      	BSF        R12, 7
;__Lib_Math.c,1256 :: 		
0x026F	0x2A37      	GOTO       C3232S
;__Lib_Math.c,1258 :: 		
C3232SX4:
;__Lib_Math.c,1259 :: 		
0x0270	0x0AF8      	INCF       R8, 1
;__Lib_Math.c,1260 :: 		
0x0271	0x1903      	BTFSC      STATUS, 2
;__Lib_Math.c,1261 :: 		
0x0272	0x0AF9      	INCF       R9, 1
;__Lib_Math.c,1262 :: 		
0x0273	0x1903      	BTFSC      STATUS, 2
;__Lib_Math.c,1263 :: 		
0x0274	0x0AFA      	INCF       R10, 1
;__Lib_Math.c,1264 :: 		
0x0275	0x1903      	BTFSC      STATUS, 2
;__Lib_Math.c,1265 :: 		
0x0276	0x0AFB      	INCF       R11, 1
;__Lib_Math.c,1266 :: 		
0x0277	0x0874      	MOVF       R4, 0
;__Lib_Math.c,1267 :: 		
0x0278	0x0278      	SUBWF      R8, 0
;__Lib_Math.c,1268 :: 		
0x0279	0x1D03      	BTFSS      STATUS, 2
;__Lib_Math.c,1269 :: 		
0x027A	0x2A3A      	GOTO       C3232SOK
;__Lib_Math.c,1270 :: 		
0x027B	0x0875      	MOVF       R5, 0
;__Lib_Math.c,1271 :: 		
0x027C	0x0279      	SUBWF      R9, 0
;__Lib_Math.c,1272 :: 		
0x027D	0x1D03      	BTFSS      STATUS, 2
;__Lib_Math.c,1273 :: 		
0x027E	0x2A3A      	GOTO       C3232SOK
;__Lib_Math.c,1274 :: 		
0x027F	0x0876      	MOVF       R6, 0
;__Lib_Math.c,1275 :: 		
0x0280	0x027A      	SUBWF      R10, 0
;__Lib_Math.c,1276 :: 		
0x0281	0x1D03      	BTFSS      STATUS, 2
;__Lib_Math.c,1277 :: 		
0x0282	0x2A3A      	GOTO       C3232SOK
;__Lib_Math.c,1278 :: 		
0x0283	0x0877      	MOVF       R7, 0
;__Lib_Math.c,1279 :: 		
0x0284	0x027B      	SUBWF      R11, 0
;__Lib_Math.c,1280 :: 		
0x0285	0x1D03      	BTFSS      STATUS, 2
;__Lib_Math.c,1281 :: 		
0x0286	0x2A3A      	GOTO       C3232SOK
;__Lib_Math.c,1282 :: 		
0x0287	0x01FB      	CLRF       R11
;__Lib_Math.c,1283 :: 		
0x0288	0x01FA      	CLRF       R10
;__Lib_Math.c,1284 :: 		
0x0289	0x01F9      	CLRF       R9
;__Lib_Math.c,1285 :: 		
0x028A	0x01F8      	CLRF       R8
;__Lib_Math.c,1286 :: 		
0x028B	0x0AF0      	INCF       R0, 1
;__Lib_Math.c,1287 :: 		
0x028C	0x1903      	BTFSC      STATUS, 2
;__Lib_Math.c,1288 :: 		
0x028D	0x0AF1      	INCF       R1, 1
;__Lib_Math.c,1289 :: 		
0x028E	0x1903      	BTFSC      STATUS, 2
;__Lib_Math.c,1290 :: 		
0x028F	0x0AF2      	INCF       R2, 1
;__Lib_Math.c,1291 :: 		
0x0290	0x1903      	BTFSC      STATUS, 2
;__Lib_Math.c,1292 :: 		
0x0291	0x0AF3      	INCF       R3, 1
;__Lib_Math.c,1293 :: 		
0x0292	0x1FF3      	BTFSS      R3, 7
;__Lib_Math.c,1294 :: 		
0x0293	0x2A3A      	GOTO       C3232SOK
;__Lib_Math.c,1295 :: 		
0x0294	0x01A0      	CLRF       ___math_tempb
;__Lib_Math.c,1296 :: 		
0x0295	0x1620      	BSF        ___math_tempb, 4
;__Lib_Math.c,1297 :: 		
0x0296	0x34FF      	RETLW      255
;__Lib_Math.c,1298 :: 		
END_ALL:
;__Lib_Math.c,1299 :: 		
0x0297	0x01A0      	CLRF       ___math_tempb
;__Lib_Math.c,1300 :: 		
0x0298	0x1C7C      	BTFSS      R12, 0
;__Lib_Math.c,1301 :: 		
0x0299	0x2A9B      	GOTO       avoid_comfrem
;__Lib_Math.c,1303 :: 		
0x029A	0x218C      	CALL       _COMFREM
;__Lib_Math.c,1305 :: 		
avoid_comfrem:
;__Lib_Math.c,1306 :: 		
0x029B	0x3E00      	ADDLW      0
;__Lib_Math.c,1308 :: 		
L_end_Div_32x32_S:
0x029C	0x0008      	RETURN
; end of _Div_32x32_S
_UART1_Read:
;__Lib_UART_c67.c,21 :: 		
;__Lib_UART_c67.c,24 :: 		
0x029D	0x1283      	BCF        STATUS, 5
0x029E	0x1303      	BCF        STATUS, 6
0x029F	0x081A      	MOVF       RCREG, 0
0x02A0	0x00F1      	MOVWF      R1
;__Lib_UART_c67.c,25 :: 		
0x02A1	0x1C98      	BTFSS      RCSTA, 1
0x02A2	0x2AA5      	GOTO       L_UART1_Read2
;__Lib_UART_c67.c,26 :: 		
0x02A3	0x1218      	BCF        RCSTA, 4
;__Lib_UART_c67.c,27 :: 		
0x02A4	0x1618      	BSF        RCSTA, 4
;__Lib_UART_c67.c,28 :: 		
L_UART1_Read2:
;__Lib_UART_c67.c,29 :: 		
0x02A5	0x0871      	MOVF       R1, 0
0x02A6	0x00F0      	MOVWF      R0
;__Lib_UART_c67.c,30 :: 		
L_end_UART1_Read:
0x02A7	0x0008      	RETURN
; end of _UART1_Read
___CC2DW:
;__Lib_System.c,134 :: 		
;__Lib_System.c,137 :: 		
_CC2D_Loop1:
;__Lib_System.c,139 :: 		
0x02A8	0x2198      	CALL       _____DoICP
0x02A9	0x118A      	BCF        PCLATH, 3
0x02AA	0x120A      	BCF        PCLATH, 4
;__Lib_System.c,141 :: 		
0x02AB	0x0080      	MOVWF      INDF
;__Lib_System.c,142 :: 		
0x02AC	0x0A84      	INCF       FSR, 1
;__Lib_System.c,143 :: 		
0x02AD	0x0ABB      	INCF       ___DoICPAddr, 1
;__Lib_System.c,145 :: 		
0x02AE	0x1903      	BTFSC      STATUS, 2
;__Lib_System.c,146 :: 		
0x02AF	0x0ABC      	INCF       ___DoICPAddr+1, 1
;__Lib_System.c,147 :: 		
0x02B0	0x03F0      	DECF       R0, 1
;__Lib_System.c,149 :: 		
0x02B1	0x1D03      	BTFSS      STATUS, 2
;__Lib_System.c,150 :: 		
0x02B2	0x2AA8      	GOTO       _CC2D_Loop1
;__Lib_System.c,152 :: 		
L_end___CC2DW:
0x02B3	0x0008      	RETURN
; end of ___CC2DW
_IntToStr:
;__Lib_Conversions.c,195 :: 		
;__Lib_Conversions.c,201 :: 		
0x02B4	0x1283      	BCF        STATUS, 5
0x02B5	0x1303      	BCF        STATUS, 6
0x02B6	0x01CA      	CLRF       IntToStr_negative_L0
0x02B7	0x01CB      	CLRF       IntToStr_negative_L0+1
;__Lib_Conversions.c,202 :: 		
0x02B8	0x0845      	MOVF       FARG_IntToStr_input, 0
0x02B9	0x00CC      	MOVWF      IntToStr_inword_L0
0x02BA	0x0846      	MOVF       FARG_IntToStr_input+1, 0
0x02BB	0x00CD      	MOVWF      IntToStr_inword_L0+1
;__Lib_Conversions.c,203 :: 		
0x02BC	0x3080      	MOVLW      128
0x02BD	0x0646      	XORWF      FARG_IntToStr_input+1, 0
0x02BE	0x00F0      	MOVWF      R0
0x02BF	0x3080      	MOVLW      128
0x02C0	0x0270      	SUBWF      R0, 0
0x02C1	0x1D03      	BTFSS      STATUS, 2
0x02C2	0x2AC5      	GOTO       L__IntToStr167
0x02C3	0x3000      	MOVLW      0
0x02C4	0x0245      	SUBWF      FARG_IntToStr_input, 0
L__IntToStr167:
0x02C5	0x1803      	BTFSC      STATUS, 0
0x02C6	0x2AD3      	GOTO       L_IntToStr37
;__Lib_Conversions.c,204 :: 		
0x02C7	0x3001      	MOVLW      1
0x02C8	0x00CA      	MOVWF      IntToStr_negative_L0
0x02C9	0x3000      	MOVLW      0
0x02CA	0x00CB      	MOVWF      IntToStr_negative_L0+1
;__Lib_Conversions.c,205 :: 		
0x02CB	0x0845      	MOVF       FARG_IntToStr_input, 0
0x02CC	0x3C00      	SUBLW      0
0x02CD	0x00CC      	MOVWF      IntToStr_inword_L0
0x02CE	0x0846      	MOVF       FARG_IntToStr_input+1, 0
0x02CF	0x1C03      	BTFSS      STATUS, 0
0x02D0	0x3E01      	ADDLW      1
0x02D1	0x01CD      	CLRF       IntToStr_inword_L0+1
0x02D2	0x02CD      	SUBWF      IntToStr_inword_L0+1, 1
;__Lib_Conversions.c,206 :: 		
L_IntToStr37:
;__Lib_Conversions.c,207 :: 		
0x02D3	0x084C      	MOVF       IntToStr_inword_L0, 0
0x02D4	0x00CE      	MOVWF      FARG_WordToStr_input
0x02D5	0x084D      	MOVF       IntToStr_inword_L0+1, 0
0x02D6	0x00CF      	MOVWF      FARG_WordToStr_input+1
0x02D7	0x0847      	MOVF       FARG_IntToStr_output, 0
0x02D8	0x00D0      	MOVWF      FARG_WordToStr_output
0x02D9	0x214C      	CALL       _WordToStr
;__Lib_Conversions.c,209 :: 		
0x02DA	0x3006      	MOVLW      6
0x02DB	0x00C8      	MOVWF      IntToStr_i_L0
0x02DC	0x3000      	MOVLW      0
0x02DD	0x00C9      	MOVWF      IntToStr_i_L0+1
;__Lib_Conversions.c,210 :: 		
L_IntToStr38:
0x02DE	0x0849      	MOVF       IntToStr_i_L0+1, 0
0x02DF	0x3C00      	SUBLW      0
0x02E0	0x1D03      	BTFSS      STATUS, 2
0x02E1	0x2AE4      	GOTO       L__IntToStr168
0x02E2	0x0848      	MOVF       IntToStr_i_L0, 0
0x02E3	0x3C00      	SUBLW      0
L__IntToStr168:
0x02E4	0x1803      	BTFSC      STATUS, 0
0x02E5	0x2AFF      	GOTO       L_IntToStr39
;__Lib_Conversions.c,211 :: 		
0x02E6	0x0848      	MOVF       IntToStr_i_L0, 0
0x02E7	0x0747      	ADDWF      FARG_IntToStr_output, 0
0x02E8	0x00F2      	MOVWF      R2
0x02E9	0x3001      	MOVLW      1
0x02EA	0x0248      	SUBWF      IntToStr_i_L0, 0
0x02EB	0x00F0      	MOVWF      R0
0x02EC	0x3000      	MOVLW      0
0x02ED	0x1C03      	BTFSS      STATUS, 0
0x02EE	0x3E01      	ADDLW      1
0x02EF	0x0249      	SUBWF      IntToStr_i_L0+1, 0
0x02F0	0x00F1      	MOVWF      R0+1
0x02F1	0x0870      	MOVF       R0, 0
0x02F2	0x0747      	ADDWF      FARG_IntToStr_output, 0
0x02F3	0x0084      	MOVWF      FSR
0x02F4	0x0800      	MOVF       INDF, 0
0x02F5	0x00F0      	MOVWF      R0
0x02F6	0x0872      	MOVF       R2, 0
0x02F7	0x0084      	MOVWF      FSR
0x02F8	0x0870      	MOVF       R0, 0
0x02F9	0x0080      	MOVWF      INDF
;__Lib_Conversions.c,212 :: 		
0x02FA	0x3001      	MOVLW      1
0x02FB	0x02C8      	SUBWF      IntToStr_i_L0, 1
0x02FC	0x1C03      	BTFSS      STATUS, 0
0x02FD	0x03C9      	DECF       IntToStr_i_L0+1, 1
;__Lib_Conversions.c,213 :: 		
0x02FE	0x2ADE      	GOTO       L_IntToStr38
L_IntToStr39:
;__Lib_Conversions.c,214 :: 		
0x02FF	0x0847      	MOVF       FARG_IntToStr_output, 0
0x0300	0x0084      	MOVWF      FSR
0x0301	0x3020      	MOVLW      32
0x0302	0x0080      	MOVWF      INDF
;__Lib_Conversions.c,215 :: 		
0x0303	0x084A      	MOVF       IntToStr_negative_L0, 0
0x0304	0x044B      	IORWF      IntToStr_negative_L0+1, 0
0x0305	0x1903      	BTFSC      STATUS, 2
0x0306	0x2B1D      	GOTO       L_IntToStr40
;__Lib_Conversions.c,216 :: 		
0x0307	0x01C8      	CLRF       IntToStr_i_L0
0x0308	0x01C9      	CLRF       IntToStr_i_L0+1
;__Lib_Conversions.c,217 :: 		
L_IntToStr41:
0x0309	0x0848      	MOVF       IntToStr_i_L0, 0
0x030A	0x0747      	ADDWF      FARG_IntToStr_output, 0
0x030B	0x0084      	MOVWF      FSR
0x030C	0x0800      	MOVF       INDF, 0
0x030D	0x3A20      	XORLW      32
0x030E	0x1D03      	BTFSS      STATUS, 2
0x030F	0x2B14      	GOTO       L_IntToStr42
0x0310	0x0AC8      	INCF       IntToStr_i_L0, 1
0x0311	0x1903      	BTFSC      STATUS, 2
0x0312	0x0AC9      	INCF       IntToStr_i_L0+1, 1
0x0313	0x2B09      	GOTO       L_IntToStr41
L_IntToStr42:
;__Lib_Conversions.c,218 :: 		
0x0314	0x3001      	MOVLW      1
0x0315	0x02C8      	SUBWF      IntToStr_i_L0, 1
0x0316	0x1C03      	BTFSS      STATUS, 0
0x0317	0x03C9      	DECF       IntToStr_i_L0+1, 1
;__Lib_Conversions.c,219 :: 		
0x0318	0x0848      	MOVF       IntToStr_i_L0, 0
0x0319	0x0747      	ADDWF      FARG_IntToStr_output, 0
0x031A	0x0084      	MOVWF      FSR
0x031B	0x302D      	MOVLW      45
0x031C	0x0080      	MOVWF      INDF
L_IntToStr40:
;__Lib_Conversions.c,220 :: 		
L_end_IntToStr:
0x031D	0x0008      	RETURN
; end of _IntToStr
_Mul_32x32_U:
;__Lib_Math.c,1774 :: 		
;__Lib_Math.c,1789 :: 		
0x031E	0x1283      	BCF        STATUS, 5
;__Lib_Math.c,1790 :: 		
0x031F	0x1303      	BCF        STATUS, 6
;__Lib_Math.c,1791 :: 		
0x0320	0x3022      	MOVLW      34
;__Lib_Math.c,1792 :: 		
0x0321	0x00FC      	MOVWF      R12
;__Lib_Math.c,1793 :: 		
0x0322	0x01F8      	CLRF       R8
;__Lib_Math.c,1794 :: 		
0x0323	0x01F9      	CLRF       R9
;__Lib_Math.c,1795 :: 		
0x0324	0x01FA      	CLRF       R10
;__Lib_Math.c,1796 :: 		
0x0325	0x01FB      	CLRF       R11
;__Lib_Math.c,1798 :: 		
_NEXT:
;__Lib_Math.c,1802 :: 		
0x0326	0x03FC      	DECF       R12, 1
;__Lib_Math.c,1803 :: 		
0x0327	0x1903      	BTFSC      STATUS, 2
;__Lib_Math.c,1804 :: 		
0x0328	0x2B54      	GOTO       _EXIT2
;__Lib_Math.c,1805 :: 		
0x0329	0x1003      	BCF        STATUS, 0
;__Lib_Math.c,1807 :: 		
_LOOP:
;__Lib_Math.c,1816 :: 		
0x032A	0x0CFB      	RRF        R11, 1
;__Lib_Math.c,1817 :: 		
0x032B	0x0CFA      	RRF        R10, 1
;__Lib_Math.c,1818 :: 		
0x032C	0x0CF9      	RRF        R9, 1
;__Lib_Math.c,1819 :: 		
0x032D	0x0CF8      	RRF        R8, 1
;__Lib_Math.c,1820 :: 		
0x032E	0x0CF3      	RRF        R3, 1
;__Lib_Math.c,1821 :: 		
0x032F	0x0CF2      	RRF        R2, 1
;__Lib_Math.c,1822 :: 		
0x0330	0x0CF1      	RRF        R1, 1
;__Lib_Math.c,1823 :: 		
0x0331	0x0CF0      	RRF        R0, 1
;__Lib_Math.c,1828 :: 		
0x0332	0x1C03      	BTFSS      STATUS, 0
;__Lib_Math.c,1829 :: 		
0x0333	0x2B26      	GOTO       _NEXT
;__Lib_Math.c,1830 :: 		
0x0334	0x03FC      	DECF       R12, 1
;__Lib_Math.c,1831 :: 		
0x0335	0x1903      	BTFSC      STATUS, 2
;__Lib_Math.c,1832 :: 		
0x0336	0x2B46      	GOTO       _EXIT1
;__Lib_Math.c,1839 :: 		
0x0337	0x0874      	MOVF       R4, 0
;__Lib_Math.c,1840 :: 		
0x0338	0x07F8      	ADDWF      R8, 1
;__Lib_Math.c,1841 :: 		
0x0339	0x0875      	MOVF       R5, 0
;__Lib_Math.c,1842 :: 		
0x033A	0x1803      	BTFSC      STATUS, 0
;__Lib_Math.c,1843 :: 		
0x033B	0x0F75      	INCFSZ     R5, 0
;__Lib_Math.c,1844 :: 		
0x033C	0x07F9      	ADDWF      R9, 1
;__Lib_Math.c,1845 :: 		
0x033D	0x0876      	MOVF       R6, 0
;__Lib_Math.c,1846 :: 		
0x033E	0x1803      	BTFSC      STATUS, 0
;__Lib_Math.c,1847 :: 		
0x033F	0x0F76      	INCFSZ     R6, 0
;__Lib_Math.c,1848 :: 		
0x0340	0x07FA      	ADDWF      R10, 1
;__Lib_Math.c,1849 :: 		
0x0341	0x0877      	MOVF       R7, 0
;__Lib_Math.c,1850 :: 		
0x0342	0x1803      	BTFSC      STATUS, 0
;__Lib_Math.c,1851 :: 		
0x0343	0x0F77      	INCFSZ     R7, 0
;__Lib_Math.c,1852 :: 		
0x0344	0x07FB      	ADDWF      R11, 1
;__Lib_Math.c,1854 :: 		
0x0345	0x2B2A      	GOTO       _LOOP
;__Lib_Math.c,1856 :: 		
_EXIT1:
;__Lib_Math.c,1861 :: 		
0x0346	0x0874      	MOVF       R4, 0
;__Lib_Math.c,1862 :: 		
0x0347	0x07F8      	ADDWF      R8, 1
;__Lib_Math.c,1863 :: 		
0x0348	0x0875      	MOVF       R5, 0
;__Lib_Math.c,1864 :: 		
0x0349	0x1803      	BTFSC      STATUS, 0
;__Lib_Math.c,1865 :: 		
0x034A	0x0F75      	INCFSZ     R5, 0
;__Lib_Math.c,1866 :: 		
0x034B	0x07F9      	ADDWF      R9, 1
;__Lib_Math.c,1867 :: 		
0x034C	0x0876      	MOVF       R6, 0
;__Lib_Math.c,1868 :: 		
0x034D	0x1803      	BTFSC      STATUS, 0
;__Lib_Math.c,1869 :: 		
0x034E	0x0F76      	INCFSZ     R6, 0
;__Lib_Math.c,1870 :: 		
0x034F	0x07FA      	ADDWF      R10, 1
;__Lib_Math.c,1871 :: 		
0x0350	0x0877      	MOVF       R7, 0
;__Lib_Math.c,1872 :: 		
0x0351	0x1803      	BTFSC      STATUS, 0
;__Lib_Math.c,1873 :: 		
0x0352	0x0F77      	INCFSZ     R7, 0
;__Lib_Math.c,1874 :: 		
0x0353	0x07FB      	ADDWF      R11, 1
;__Lib_Math.c,1877 :: 		
_EXIT2:
;__Lib_Math.c,1879 :: 		
L_end_Mul_32x32_U:
0x0354	0x0008      	RETURN
; end of _Mul_32x32_U
_UART1_Data_Ready:
;__Lib_UART_c67.c,16 :: 		
;__Lib_UART_c67.c,17 :: 		
0x0355	0x3000      	MOVLW      0
0x0356	0x1283      	BCF        STATUS, 5
0x0357	0x1303      	BCF        STATUS, 6
0x0358	0x1A8C      	BTFSC      PIR1, 5
0x0359	0x3001      	MOVLW      1
0x035A	0x00F0      	MOVWF      R0
;__Lib_UART_c67.c,18 :: 		
L_end_UART1_Data_Ready:
0x035B	0x0008      	RETURN
; end of _UART1_Data_Ready
_UART1_Write_Text:
;__Lib_UART_c67.c,47 :: 		
;__Lib_UART_c67.c,48 :: 		
0x035C	0x1283      	BCF        STATUS, 5
0x035D	0x1303      	BCF        STATUS, 6
0x035E	0x01C7      	CLRF       UART1_Write_Text_counter_L0
;__Lib_UART_c67.c,50 :: 		
0x035F	0x0845      	MOVF       FARG_UART1_Write_Text_uart_text, 0
0x0360	0x0084      	MOVWF      FSR
0x0361	0x0800      	MOVF       INDF, 0
0x0362	0x00C6      	MOVWF      UART1_Write_Text_data__L0
;__Lib_UART_c67.c,51 :: 		
L_UART1_Write_Text5:
0x0363	0x0846      	MOVF       UART1_Write_Text_data__L0, 0
0x0364	0x3A00      	XORLW      0
0x0365	0x1903      	BTFSC      STATUS, 2
0x0366	0x2B71      	GOTO       L_UART1_Write_Text6
;__Lib_UART_c67.c,52 :: 		
0x0367	0x0846      	MOVF       UART1_Write_Text_data__L0, 0
0x0368	0x00CE      	MOVWF      FARG_UART1_Write_data_
0x0369	0x21A6      	CALL       _UART1_Write
;__Lib_UART_c67.c,53 :: 		
0x036A	0x0AC7      	INCF       UART1_Write_Text_counter_L0, 1
;__Lib_UART_c67.c,54 :: 		
0x036B	0x0847      	MOVF       UART1_Write_Text_counter_L0, 0
0x036C	0x0745      	ADDWF      FARG_UART1_Write_Text_uart_text, 0
0x036D	0x0084      	MOVWF      FSR
0x036E	0x0800      	MOVF       INDF, 0
0x036F	0x00C6      	MOVWF      UART1_Write_Text_data__L0
;__Lib_UART_c67.c,55 :: 		
0x0370	0x2B63      	GOTO       L_UART1_Write_Text5
L_UART1_Write_Text6:
;__Lib_UART_c67.c,56 :: 		
L_end_UART1_Write_Text:
0x0371	0x0008      	RETURN
; end of _UART1_Write_Text
_main:
0x0372	0x2442      	CALL       1090
;Aula21_PIC16F877A_Termometro_.c,11 :: 		void main() {
;Aula21_PIC16F877A_Termometro_.c,13 :: 		CMCON = 0X07;
0x0373	0x3007      	MOVLW      7
0x0374	0x1683      	BSF        STATUS, 5
0x0375	0x1303      	BCF        STATUS, 6
0x0376	0x009C      	MOVWF      CMCON
;Aula21_PIC16F877A_Termometro_.c,14 :: 		ADCON0 = 0X01;                  // habilita conversores ad
0x0377	0x3001      	MOVLW      1
0x0378	0x1283      	BCF        STATUS, 5
0x0379	0x009F      	MOVWF      ADCON0
;Aula21_PIC16F877A_Termometro_.c,15 :: 		ADCON1 = 0X0E;                  //  ou 14 em dec e 0b11111110 ..AN0 como ana
0x037A	0x300E      	MOVLW      14
0x037B	0x1683      	BSF        STATUS, 5
0x037C	0x009F      	MOVWF      ADCON1
;Aula21_PIC16F877A_Termometro_.c,18 :: 		UART1_Init(9600);              // Initialize UART module at 9600 bps
0x037D	0x3067      	MOVLW      103
0x037E	0x0099      	MOVWF      SPBRG
0x037F	0x1518      	BSF        TXSTA, 2
0x0380	0x21D8      	CALL       _UART1_Init
;Aula21_PIC16F877A_Termometro_.c,19 :: 		Delay_ms(100);                 // Wait for UART module to stabilize
0x0381	0x3003      	MOVLW      3
0x0382	0x00FB      	MOVWF      R11
0x0383	0x3008      	MOVLW      8
0x0384	0x00FC      	MOVWF      R12
0x0385	0x3077      	MOVLW      119
0x0386	0x00FD      	MOVWF      R13
L_main0:
0x0387	0x0BFD      	DECFSZ     R13, 1
0x0388	0x2B87      	GOTO       L_main0
0x0389	0x0BFC      	DECFSZ     R12, 1
0x038A	0x2B87      	GOTO       L_main0
0x038B	0x0BFB      	DECFSZ     R11, 1
0x038C	0x2B87      	GOTO       L_main0
;Aula21_PIC16F877A_Termometro_.c,22 :: 		TRISB = 0x80;                   // rb7 como entrada e o restante saida
0x038D	0x3080      	MOVLW      128
0x038E	0x1683      	BSF        STATUS, 5
0x038F	0x0086      	MOVWF      TRISB
;Aula21_PIC16F877A_Termometro_.c,23 :: 		PORTB = 0X00;                   // todos em low
0x0390	0x1283      	BCF        STATUS, 5
0x0391	0x0186      	CLRF       PORTB
;Aula21_PIC16F877A_Termometro_.c,24 :: 		TRISC = 0x01;                   // rc0 com entrada e o restante sada
0x0392	0x3001      	MOVLW      1
0x0393	0x1683      	BSF        STATUS, 5
0x0394	0x0087      	MOVWF      TRISC
;Aula21_PIC16F877A_Termometro_.c,25 :: 		PORTC = 0X00;
0x0395	0x1283      	BCF        STATUS, 5
0x0396	0x0187      	CLRF       PORTC
;Aula21_PIC16F877A_Termometro_.c,28 :: 		UART1_Write_Text("TESTE");        // escreve
0x0397	0x3031      	MOVLW      ?lstr1_Aula21_PIC16F877A_Termometro_
0x0398	0x00C5      	MOVWF      FARG_UART1_Write_Text_uart_text
0x0399	0x235C      	CALL       _UART1_Write_Text
;Aula21_PIC16F877A_Termometro_.c,29 :: 		UART1_Write(10);                 // realimentao de linha ascii
0x039A	0x300A      	MOVLW      10
0x039B	0x00CE      	MOVWF      FARG_UART1_Write_data_
0x039C	0x21A6      	CALL       _UART1_Write
;Aula21_PIC16F877A_Termometro_.c,30 :: 		UART1_Write(13);                 // quebra de linha, cr(enter) em ascii
0x039D	0x300D      	MOVLW      13
0x039E	0x00CE      	MOVWF      FARG_UART1_Write_data_
0x039F	0x21A6      	CALL       _UART1_Write
;Aula21_PIC16F877A_Termometro_.c,32 :: 		while (1) {                     // Endless loop
L_main1:
;Aula21_PIC16F877A_Termometro_.c,33 :: 		if (UART1_Data_Ready()) {     // If data is received,
0x03A0	0x2355      	CALL       _UART1_Data_Ready
0x03A1	0x0870      	MOVF       R0, 0
0x03A2	0x1903      	BTFSC      STATUS, 2
0x03A3	0x2BCF      	GOTO       L_main3
;Aula21_PIC16F877A_Termometro_.c,34 :: 		uart_rd = UART1_Read();     // read the received data,
0x03A4	0x229D      	CALL       _UART1_Read
0x03A5	0x0870      	MOVF       R0, 0
0x03A6	0x00C4      	MOVWF      _uart_rd
;Aula21_PIC16F877A_Termometro_.c,35 :: 		UART1_Write(uart_rd);       // and send data via UART
0x03A7	0x0870      	MOVF       R0, 0
0x03A8	0x00CE      	MOVWF      FARG_UART1_Write_data_
0x03A9	0x21A6      	CALL       _UART1_Write
;Aula21_PIC16F877A_Termometro_.c,37 :: 		switch(uart_rd){
0x03AA	0x2BB7      	GOTO       L_main4
;Aula21_PIC16F877A_Termometro_.c,39 :: 		case 'y': yellow = 0X01; break;
L_main6:
0x03AB	0x1406      	BSF        RB0_bit, BitPos(RB0_bit+0)
0x03AC	0x2BCF      	GOTO       L_main5
;Aula21_PIC16F877A_Termometro_.c,40 :: 		case 'u': yellow = 0X00; break;
L_main7:
0x03AD	0x1006      	BCF        RB0_bit, BitPos(RB0_bit+0)
0x03AE	0x2BCF      	GOTO       L_main5
;Aula21_PIC16F877A_Termometro_.c,41 :: 		case 'r': red = 0X01; break;
L_main8:
0x03AF	0x1486      	BSF        RB1_bit, BitPos(RB1_bit+0)
0x03B0	0x2BCF      	GOTO       L_main5
;Aula21_PIC16F877A_Termometro_.c,42 :: 		case 't': red = 0X00; break;
L_main9:
0x03B1	0x1086      	BCF        RB1_bit, BitPos(RB1_bit+0)
0x03B2	0x2BCF      	GOTO       L_main5
;Aula21_PIC16F877A_Termometro_.c,43 :: 		case 'g': green = 0X01; break;
L_main10:
0x03B3	0x1506      	BSF        RB2_bit, BitPos(RB2_bit+0)
0x03B4	0x2BCF      	GOTO       L_main5
;Aula21_PIC16F877A_Termometro_.c,44 :: 		case 'h': green = 0X00; break;
L_main11:
0x03B5	0x1106      	BCF        RB2_bit, BitPos(RB2_bit+0)
0x03B6	0x2BCF      	GOTO       L_main5
;Aula21_PIC16F877A_Termometro_.c,46 :: 		}
L_main4:
0x03B7	0x0844      	MOVF       _uart_rd, 0
0x03B8	0x3A79      	XORLW      121
0x03B9	0x1903      	BTFSC      STATUS, 2
0x03BA	0x2BAB      	GOTO       L_main6
0x03BB	0x0844      	MOVF       _uart_rd, 0
0x03BC	0x3A75      	XORLW      117
0x03BD	0x1903      	BTFSC      STATUS, 2
0x03BE	0x2BAD      	GOTO       L_main7
0x03BF	0x0844      	MOVF       _uart_rd, 0
0x03C0	0x3A72      	XORLW      114
0x03C1	0x1903      	BTFSC      STATUS, 2
0x03C2	0x2BAF      	GOTO       L_main8
0x03C3	0x0844      	MOVF       _uart_rd, 0
0x03C4	0x3A74      	XORLW      116
0x03C5	0x1903      	BTFSC      STATUS, 2
0x03C6	0x2BB1      	GOTO       L_main9
0x03C7	0x0844      	MOVF       _uart_rd, 0
0x03C8	0x3A67      	XORLW      103
0x03C9	0x1903      	BTFSC      STATUS, 2
0x03CA	0x2BB3      	GOTO       L_main10
0x03CB	0x0844      	MOVF       _uart_rd, 0
0x03CC	0x3A68      	XORLW      104
0x03CD	0x1903      	BTFSC      STATUS, 2
0x03CE	0x2BB5      	GOTO       L_main11
L_main5:
;Aula21_PIC16F877A_Termometro_.c,48 :: 		}
L_main3:
;Aula21_PIC16F877A_Termometro_.c,50 :: 		if (butt ){
0x03CF	0x1F86      	BTFSS      RB7_bit, BitPos(RB7_bit+0)
0x03D0	0x2C21      	GOTO       L_main12
;Aula21_PIC16F877A_Termometro_.c,51 :: 		valorAd = ADC_READ(0);               // l entrada analogica e atribui o valor ad
0x03D1	0x01C5      	CLRF       FARG_ADC_Read_channel
0x03D2	0x21B0      	CALL       _ADC_Read
0x03D3	0x0870      	MOVF       R0, 0
0x03D4	0x1283      	BCF        STATUS, 5
0x03D5	0x00B7      	MOVWF      _valorAD
0x03D6	0x0871      	MOVF       R0+1, 0
0x03D7	0x00B8      	MOVWF      _valorAD+1
0x03D8	0x01B9      	CLRF       _valorAD+2
0x03D9	0x01BA      	CLRF       _valorAD+3
;Aula21_PIC16F877A_Termometro_.c,53 :: 		valorAd *= 500;                      // conversor de 10 bits 0,01 v a cada grau  ... 0 - 5 v 500
0x03DA	0x0837      	MOVF       _valorAD, 0
0x03DB	0x00F0      	MOVWF      R0
0x03DC	0x0838      	MOVF       _valorAD+1, 0
0x03DD	0x00F1      	MOVWF      R0+1
0x03DE	0x0839      	MOVF       _valorAD+2, 0
0x03DF	0x00F2      	MOVWF      R0+2
0x03E0	0x083A      	MOVF       _valorAD+3, 0
0x03E1	0x00F3      	MOVWF      R0+3
0x03E2	0x30F4      	MOVLW      244
0x03E3	0x00F4      	MOVWF      R4
0x03E4	0x3001      	MOVLW      1
0x03E5	0x00F5      	MOVWF      R4+1
0x03E6	0x01F6      	CLRF       R4+2
0x03E7	0x01F7      	CLRF       R4+3
0x03E8	0x231E      	CALL       _Mul_32x32_U
0x03E9	0x0870      	MOVF       R0, 0
0x03EA	0x00B7      	MOVWF      _valorAD
0x03EB	0x0871      	MOVF       R0+1, 0
0x03EC	0x00B8      	MOVWF      _valorAD+1
0x03ED	0x0872      	MOVF       R0+2, 0
0x03EE	0x00B9      	MOVWF      _valorAD+2
0x03EF	0x0873      	MOVF       R0+3, 0
0x03F0	0x00BA      	MOVWF      _valorAD+3
;Aula21_PIC16F877A_Termometro_.c,54 :: 		valorAd /= 1023;                      //  10 bits 2^10 = 1024 (0 -1023)
0x03F1	0x30FF      	MOVLW      255
0x03F2	0x00F4      	MOVWF      R4
0x03F3	0x3003      	MOVLW      3
0x03F4	0x00F5      	MOVWF      R4+1
0x03F5	0x01F6      	CLRF       R4+2
0x03F6	0x01F7      	CLRF       R4+3
0x03F7	0x21E8      	CALL       _Div_32x32_S
0x03F8	0x0870      	MOVF       R0, 0
0x03F9	0x00B7      	MOVWF      _valorAD
0x03FA	0x0871      	MOVF       R0+1, 0
0x03FB	0x00B8      	MOVWF      _valorAD+1
0x03FC	0x0872      	MOVF       R0+2, 0
0x03FD	0x00B9      	MOVWF      _valorAD+2
0x03FE	0x0873      	MOVF       R0+3, 0
0x03FF	0x00BA      	MOVWF      _valorAD+3
;Aula21_PIC16F877A_Termometro_.c,57 :: 		intToStr(valorAd, texto);          // converte inteiro para string
0x0400	0x0870      	MOVF       R0, 0
0x0401	0x00C5      	MOVWF      FARG_IntToStr_input
0x0402	0x0871      	MOVF       R0+1, 0
0x0403	0x00C6      	MOVWF      FARG_IntToStr_input+1
0x0404	0x303D      	MOVLW      _texto
0x0405	0x00C7      	MOVWF      FARG_IntToStr_output
0x0406	0x22B4      	CALL       _IntToStr
;Aula21_PIC16F877A_Termometro_.c,59 :: 		UART1_Write_Text(texto);
0x0407	0x303D      	MOVLW      _texto
0x0408	0x00C5      	MOVWF      FARG_UART1_Write_Text_uart_text
0x0409	0x235C      	CALL       _UART1_Write_Text
;Aula21_PIC16F877A_Termometro_.c,60 :: 		UART1_Write_Text(" graus celsius");
0x040A	0x3021      	MOVLW      ?lstr2_Aula21_PIC16F877A_Termometro_
0x040B	0x00C5      	MOVWF      FARG_UART1_Write_Text_uart_text
0x040C	0x235C      	CALL       _UART1_Write_Text
;Aula21_PIC16F877A_Termometro_.c,61 :: 		UART1_Write(10);                   // realimentao de linha ascii
0x040D	0x300A      	MOVLW      10
0x040E	0x00CE      	MOVWF      FARG_UART1_Write_data_
0x040F	0x21A6      	CALL       _UART1_Write
;Aula21_PIC16F877A_Termometro_.c,62 :: 		UART1_Write(13);
0x0410	0x300D      	MOVLW      13
0x0411	0x00CE      	MOVWF      FARG_UART1_Write_data_
0x0412	0x21A6      	CALL       _UART1_Write
;Aula21_PIC16F877A_Termometro_.c,63 :: 		delay_ms(500);                 // enter em ascii, quebra linha.
0x0413	0x300B      	MOVLW      11
0x0414	0x00FB      	MOVWF      R11
0x0415	0x3026      	MOVLW      38
0x0416	0x00FC      	MOVWF      R12
0x0417	0x305D      	MOVLW      93
0x0418	0x00FD      	MOVWF      R13
L_main13:
0x0419	0x0BFD      	DECFSZ     R13, 1
0x041A	0x2C19      	GOTO       L_main13
0x041B	0x0BFC      	DECFSZ     R12, 1
0x041C	0x2C19      	GOTO       L_main13
0x041D	0x0BFB      	DECFSZ     R11, 1
0x041E	0x2C19      	GOTO       L_main13
0x041F	0x0000      	NOP
0x0420	0x0000      	NOP
;Aula21_PIC16F877A_Termometro_.c,65 :: 		}
L_main12:
;Aula21_PIC16F877A_Termometro_.c,66 :: 		}
0x0421	0x2BA0      	GOTO       L_main1
;Aula21_PIC16F877A_Termometro_.c,67 :: 		}
L_end_main:
0x0422	0x2C22      	GOTO       $+0
; end of _main
0x0442	0x3021      	MOVLW      33
0x0443	0x0084      	MOVWF      FSR
0x0444	0x301A      	MOVLW      26
0x0445	0x1283      	BCF        STATUS, 5
0x0446	0x1303      	BCF        STATUS, 6
0x0447	0x00F0      	MOVWF      R0
0x0448	0x3028      	MOVLW      40
0x0449	0x00BB      	MOVWF      ___DoICPAddr
0x044A	0x3004      	MOVLW      4
0x044B	0x00BC      	MOVWF      60
0x044C	0x22A8      	CALL       680
0x044D	0x0008      	RETURN
;Aula21_PIC16F877A_Termometro_.c,0 :: ?ICS?lstr2_Aula21_PIC16F877A_Termometro_
0x0428	0x3420 ;?ICS?lstr2_Aula21_PIC16F877A_Termometro_+0
0x0429	0x3467 ;?ICS?lstr2_Aula21_PIC16F877A_Termometro_+1
0x042A	0x3472 ;?ICS?lstr2_Aula21_PIC16F877A_Termometro_+2
0x042B	0x3461 ;?ICS?lstr2_Aula21_PIC16F877A_Termometro_+3
0x042C	0x3475 ;?ICS?lstr2_Aula21_PIC16F877A_Termometro_+4
0x042D	0x3473 ;?ICS?lstr2_Aula21_PIC16F877A_Termometro_+5
0x042E	0x3420 ;?ICS?lstr2_Aula21_PIC16F877A_Termometro_+6
0x042F	0x3463 ;?ICS?lstr2_Aula21_PIC16F877A_Termometro_+7
0x0430	0x3465 ;?ICS?lstr2_Aula21_PIC16F877A_Termometro_+8
0x0431	0x346C ;?ICS?lstr2_Aula21_PIC16F877A_Termometro_+9
0x0432	0x3473 ;?ICS?lstr2_Aula21_PIC16F877A_Termometro_+10
0x0433	0x3469 ;?ICS?lstr2_Aula21_PIC16F877A_Termometro_+11
0x0434	0x3475 ;?ICS?lstr2_Aula21_PIC16F877A_Termometro_+12
0x0435	0x3473 ;?ICS?lstr2_Aula21_PIC16F877A_Termometro_+13
0x0436	0x3400 ;?ICS?lstr2_Aula21_PIC16F877A_Termometro_+14
; end of ?ICS?lstr2_Aula21_PIC16F877A_Termometro_
;__Lib_ADC_A_C.c,0 :: ?ICS_vref_mask
0x0437	0x340F ;?ICS_vref_mask+0
; end of ?ICS_vref_mask
;Aula21_PIC16F877A_Termometro_.c,0 :: ?ICS?lstr1_Aula21_PIC16F877A_Termometro_
0x0438	0x3454 ;?ICS?lstr1_Aula21_PIC16F877A_Termometro_+0
0x0439	0x3445 ;?ICS?lstr1_Aula21_PIC16F877A_Termometro_+1
0x043A	0x3453 ;?ICS?lstr1_Aula21_PIC16F877A_Termometro_+2
0x043B	0x3454 ;?ICS?lstr1_Aula21_PIC16F877A_Termometro_+3
0x043C	0x3445 ;?ICS?lstr1_Aula21_PIC16F877A_Termometro_+4
0x043D	0x3400 ;?ICS?lstr1_Aula21_PIC16F877A_Termometro_+5
; end of ?ICS?lstr1_Aula21_PIC16F877A_Termometro_
;Aula21_PIC16F877A_Termometro_.c,0 :: ?ICS_valorAD
0x043E	0x3400 ;?ICS_valorAD+0
0x043F	0x3400 ;?ICS_valorAD+1
0x0440	0x3400 ;?ICS_valorAD+2
0x0441	0x3400 ;?ICS_valorAD+3
; end of ?ICS_valorAD
Symbol List:
//** Routines locations **
//ADDRESS    SIZE    PROCEDURE
//----------------------------------------------
0x0003      [29]    _Div_16X16_U
0x0020     [300]    _SDIV3232L
0x014C      [64]    _WordToStr
0x018C      [12]    _COMFREM
0x0198       [7]    _____DoICP
0x019F       [7]    _Delay_22us
0x01A6      [10]    _UART1_Write
0x01B0      [40]    _ADC_Read
0x01D8      [16]    _UART1_Init
0x01E8     [181]    _Div_32x32_S
0x029D      [11]    _UART1_Read
0x02A8      [12]    ___CC2DW
0x02B4     [106]    _IntToStr
0x031E      [55]    _Mul_32x32_U
0x0355       [7]    _UART1_Data_Ready
0x035C      [22]    _UART1_Write_Text
0x0372     [176]    _main
//** Variables locations ** 
//ADDRESS    SIZE    VARIABLE
//----------------------------------------------
0x0000       [1]    INDF
0x0002       [1]    PCL
0x0003       [1]    STATUS
0x0004       [1]    FSR
0x0006       [0]    RB7_bit
0x0006       [0]    RB1_bit
0x0006       [0]    RB0_bit
0x0006       [0]    RB2_bit
0x0006       [1]    PORTB
0x0007       [1]    PORTC
0x000A       [1]    PCLATH
0x000C       [1]    PIR1
0x0018       [1]    RCSTA
0x0019       [1]    TXREG
0x001A       [1]    RCREG
0x001E       [1]    ADRESH
0x001F       [1]    ADCON0
0x0020       [1]    ___math_tempb
0x0021      [15]    ?lstr2_Aula21_PIC16F877A_Termometro_
0x0030       [1]    _vref_mask
0x0031       [6]    ?lstr1_Aula21_PIC16F877A_Termometro_
0x0037       [4]    _valorAD
0x003B       [2]    ___DoICPAddr
0x003D       [7]    _texto
0x0044       [1]    _uart_rd
0x0045       [2]    FARG_IntToStr_input
0x0045       [1]    FARG_ADC_Read_channel
0x0045       [1]    FARG_UART1_Write_Text_uart_text
0x0046       [1]    UART1_Write_Text_data__L0
0x0047       [1]    FARG_IntToStr_output
0x0047       [1]    UART1_Write_Text_counter_L0
0x0048       [2]    IntToStr_i_L0
0x004A       [2]    IntToStr_negative_L0
0x004C       [2]    IntToStr_inword_L0
0x004E       [2]    FARG_WordToStr_input
0x004E       [1]    FARG_UART1_Write_data_
0x0050       [1]    FARG_WordToStr_output
0x0051       [1]    WordToStr_len_L0
0x0052       [1]    FLOC__WordToStr
0x0070       [1]    R0
0x0071       [1]    R1
0x0072       [1]    R2
0x0073       [1]    R3
0x0074       [1]    R4
0x0075       [1]    R5
0x0076       [1]    R6
0x0077       [1]    R7
0x0078       [1]    R8
0x0079       [1]    R9
0x007A       [1]    R10
0x007B       [1]    R11
0x007C       [1]    R12
0x007D       [1]    R13
0x007E       [1]    R14
0x007F       [1]    R15
0x0086       [1]    TRISB
0x0087       [1]    TRISC
0x0087       [0]    TRISC6_bit
0x0087       [0]    TRISC7_bit
0x0098       [1]    TXSTA
0x0099       [1]    SPBRG
0x009C       [1]    CMCON
0x009E       [1]    ADRESL
0x009F       [1]    ADCON1
//** Constants locations ** 
//ADDRESS    SIZE    CONSTANT
//----------------------------------------------
0x0428      [15]    ?ICS?lstr2_Aula21_PIC16F877A_Termometro_
0x0437       [1]    ?ICS_vref_mask
0x0438       [6]    ?ICS?lstr1_Aula21_PIC16F877A_Termometro_
0x043E       [4]    ?ICS_valorAD
