;  LST file generated by mikroListExporter - v.2.0 
; Date/Time: 21/08/2019 14:16:05
;----------------------------------------------

;Address Opcode 	ASM
0x0000	0x2803      	GOTO       3
_main:
;Aula3.c,3 :: 		void main() {
;Aula3.c,4 :: 		ANSEL = 0;   // sel das portas analogicas 0 dig 1 ana
0x0003	0x1683      	BSF        STATUS, 5
0x0004	0x019F      	CLRF       ANSEL
;Aula3.c,5 :: 		CMCON = 7; // desabilita os comparadores
0x0005	0x3007      	MOVLW      7
0x0006	0x1283      	BCF        STATUS, 5
0x0007	0x0099      	MOVWF      CMCON
;Aula3.c,6 :: 		TRISIO0_bit = 0;  // saida o0
0x0008	0x1683      	BSF        STATUS, 5
0x0009	0x1005      	BCF        TRISIO0_bit, BitPos(TRISIO0_bit+0)
;Aula3.c,7 :: 		TRISIO1_bit = 0; // saida o1
0x000A	0x1085      	BCF        TRISIO1_bit, BitPos(TRISIO1_bit+0)
;Aula3.c,9 :: 		GPIO = 0; // em low todos
0x000B	0x1283      	BCF        STATUS, 5
0x000C	0x0185      	CLRF       GPIO
;Aula3.c,11 :: 		while(1){
L_main0:
;Aula3.c,13 :: 		GPIO.F0 = 1;
0x000D	0x1405      	BSF        GPIO, 0
;Aula3.c,14 :: 		GPIO.F1 =0;
0x000E	0x1085      	BCF        GPIO, 1
;Aula3.c,15 :: 		delay_ms(500);
0x000F	0x3003      	MOVLW      3
0x0010	0x00DB      	MOVWF      R11
0x0011	0x308A      	MOVLW      138
0x0012	0x00DC      	MOVWF      R12
0x0013	0x3055      	MOVLW      85
0x0014	0x00DD      	MOVWF      R13
L_main2:
0x0015	0x0BDD      	DECFSZ     R13, 1
0x0016	0x2815      	GOTO       L_main2
0x0017	0x0BDC      	DECFSZ     R12, 1
0x0018	0x2815      	GOTO       L_main2
0x0019	0x0BDB      	DECFSZ     R11, 1
0x001A	0x2815      	GOTO       L_main2
0x001B	0x0000      	NOP
0x001C	0x0000      	NOP
;Aula3.c,16 :: 		GPIO.F0 = 0;
0x001D	0x1005      	BCF        GPIO, 0
;Aula3.c,17 :: 		GPIO.F1 =1;
0x001E	0x1485      	BSF        GPIO, 1
;Aula3.c,18 :: 		delay_ms(500);
0x001F	0x3003      	MOVLW      3
0x0020	0x00DB      	MOVWF      R11
0x0021	0x308A      	MOVLW      138
0x0022	0x00DC      	MOVWF      R12
0x0023	0x3055      	MOVLW      85
0x0024	0x00DD      	MOVWF      R13
L_main3:
0x0025	0x0BDD      	DECFSZ     R13, 1
0x0026	0x2825      	GOTO       L_main3
0x0027	0x0BDC      	DECFSZ     R12, 1
0x0028	0x2825      	GOTO       L_main3
0x0029	0x0BDB      	DECFSZ     R11, 1
0x002A	0x2825      	GOTO       L_main3
0x002B	0x0000      	NOP
0x002C	0x0000      	NOP
;Aula3.c,21 :: 		}
0x002D	0x280D      	GOTO       L_main0
;Aula3.c,25 :: 		}
L_end_main:
0x002E	0x282E      	GOTO       $+0
; end of _main
Symbol List:
//** Routines locations **
//ADDRESS    SIZE    PROCEDURE
//----------------------------------------------
0x0003      [44]    _main
//** Variables locations ** 
//ADDRESS    SIZE    VARIABLE
//----------------------------------------------
0x0000       [1]    INDF
0x0003       [1]    STATUS
0x0004       [1]    FSR
0x0005       [1]    GPIO
0x000A       [1]    PCLATH
0x0019       [1]    CMCON
0x0020       [2]    ___DoICPAddr
0x0050       [1]    R0
0x0051       [1]    R1
0x0052       [1]    R2
0x0053       [1]    R3
0x0054       [1]    R4
0x0055       [1]    R5
0x0056       [1]    R6
0x0057       [1]    R7
0x0058       [1]    R8
0x0059       [1]    R9
0x005A       [1]    R10
0x005B       [1]    R11
0x005C       [1]    R12
0x005D       [1]    R13
0x005E       [1]    R14
0x005F       [1]    R15
0x0085       [0]    TRISIO0_bit
0x0085       [0]    TRISIO1_bit
0x009F       [1]    ANSEL
