;  LST file generated by mikroListExporter - v.2.0 
; Date/Time: 22/08/2019 13:11:56
;----------------------------------------------

;Address Opcode 	ASM
0x0000	0x2803      	GOTO       3
_main:
;Aula5_Pic12Osc_.c,1 :: 		void main() {
;Aula5_Pic12Osc_.c,3 :: 		ANSEL = 0; // portas digitais
0x0003	0x1683      	BSF        STATUS, 5
0x0004	0x019F      	CLRF       ANSEL
;Aula5_Pic12Osc_.c,4 :: 		CMCON = 7; //desativa comparadores
0x0005	0x3007      	MOVLW      7
0x0006	0x1283      	BCF        STATUS, 5
0x0007	0x0099      	MOVWF      CMCON
;Aula5_Pic12Osc_.c,6 :: 		TRISIO0_bit = 0; // saida
0x0008	0x1683      	BSF        STATUS, 5
0x0009	0x1005      	BCF        TRISIO0_bit, BitPos(TRISIO0_bit+0)
;Aula5_Pic12Osc_.c,7 :: 		TRISIO1_bit = 0; // saida
0x000A	0x1085      	BCF        TRISIO1_bit, BitPos(TRISIO1_bit+0)
;Aula5_Pic12Osc_.c,9 :: 		GPIO = 0;  //low
0x000B	0x1283      	BCF        STATUS, 5
0x000C	0x0185      	CLRF       GPIO
;Aula5_Pic12Osc_.c,12 :: 		while(1){
L_main0:
;Aula5_Pic12Osc_.c,14 :: 		GPIO.F0 = 1;
0x000D	0x1405      	BSF        GPIO, 0
;Aula5_Pic12Osc_.c,15 :: 		delay_ms(10);
0x000E	0x3034      	MOVLW      52
0x000F	0x00DC      	MOVWF      R12
0x0010	0x30F1      	MOVLW      241
0x0011	0x00DD      	MOVWF      R13
L_main2:
0x0012	0x0BDD      	DECFSZ     R13, 1
0x0013	0x2812      	GOTO       L_main2
0x0014	0x0BDC      	DECFSZ     R12, 1
0x0015	0x2812      	GOTO       L_main2
0x0016	0x0000      	NOP
0x0017	0x0000      	NOP
;Aula5_Pic12Osc_.c,16 :: 		GPIO.F0 = 0;
0x0018	0x1005      	BCF        GPIO, 0
;Aula5_Pic12Osc_.c,17 :: 		delay_ms(10);
0x0019	0x3034      	MOVLW      52
0x001A	0x00DC      	MOVWF      R12
0x001B	0x30F1      	MOVLW      241
0x001C	0x00DD      	MOVWF      R13
L_main3:
0x001D	0x0BDD      	DECFSZ     R13, 1
0x001E	0x281D      	GOTO       L_main3
0x001F	0x0BDC      	DECFSZ     R12, 1
0x0020	0x281D      	GOTO       L_main3
0x0021	0x0000      	NOP
0x0022	0x0000      	NOP
;Aula5_Pic12Osc_.c,19 :: 		GPIO.F1 = 1;
0x0023	0x1485      	BSF        GPIO, 1
;Aula5_Pic12Osc_.c,20 :: 		delay_ms(1);
0x0024	0x3006      	MOVLW      6
0x0025	0x00DC      	MOVWF      R12
0x0026	0x3030      	MOVLW      48
0x0027	0x00DD      	MOVWF      R13
L_main4:
0x0028	0x0BDD      	DECFSZ     R13, 1
0x0029	0x2828      	GOTO       L_main4
0x002A	0x0BDC      	DECFSZ     R12, 1
0x002B	0x2828      	GOTO       L_main4
0x002C	0x0000      	NOP
;Aula5_Pic12Osc_.c,21 :: 		GPIO.F1 = 0;
0x002D	0x1085      	BCF        GPIO, 1
;Aula5_Pic12Osc_.c,22 :: 		delay_ms(1);
0x002E	0x3006      	MOVLW      6
0x002F	0x00DC      	MOVWF      R12
0x0030	0x3030      	MOVLW      48
0x0031	0x00DD      	MOVWF      R13
L_main5:
0x0032	0x0BDD      	DECFSZ     R13, 1
0x0033	0x2832      	GOTO       L_main5
0x0034	0x0BDC      	DECFSZ     R12, 1
0x0035	0x2832      	GOTO       L_main5
0x0036	0x0000      	NOP
;Aula5_Pic12Osc_.c,26 :: 		}
0x0037	0x280D      	GOTO       L_main0
;Aula5_Pic12Osc_.c,28 :: 		}
L_end_main:
0x0038	0x2838      	GOTO       $+0
; end of _main
Symbol List:
//** Routines locations **
//ADDRESS    SIZE    PROCEDURE
//----------------------------------------------
0x0003      [54]    _main
//** Variables locations ** 
//ADDRESS    SIZE    VARIABLE
//----------------------------------------------
0x0000       [1]    INDF
0x0003       [1]    STATUS
0x0004       [1]    FSR
0x0005       [1]    GPIO
0x000A       [1]    PCLATH
0x0019       [1]    CMCON
0x0020       [2]    ___DoICPAddr
0x0050       [1]    R0
0x0051       [1]    R1
0x0052       [1]    R2
0x0053       [1]    R3
0x0054       [1]    R4
0x0055       [1]    R5
0x0056       [1]    R6
0x0057       [1]    R7
0x0058       [1]    R8
0x0059       [1]    R9
0x005A       [1]    R10
0x005B       [1]    R11
0x005C       [1]    R12
0x005D       [1]    R13
0x005E       [1]    R14
0x005F       [1]    R15
0x0085       [0]    TRISIO0_bit
0x0085       [0]    TRISIO1_bit
0x009F       [1]    ANSEL
