;  LST file generated by mikroListExporter - v.2.0 
; Date/Time: 27/08/2019 14:10:38
;----------------------------------------------

;Address Opcode 	ASM
0x0000	0x2842      	GOTO       66
_Delay_22us:
;__Lib_Delays.c,15 :: 		void Delay_22us() {
;__Lib_Delays.c,16 :: 		Delay_us(22);
0x0003	0x3007      	MOVLW      7
0x0004	0x1283      	BCF        STATUS, 5
0x0005	0x00DD      	MOVWF      R13
L_Delay_22us1:
0x0006	0x0BDD      	DECFSZ     R13, 1
0x0007	0x2806      	GOTO       L_Delay_22us1
;__Lib_Delays.c,17 :: 		}
L_end_Delay_22us:
0x0008	0x0008      	RETURN
; end of _Delay_22us
_____DoICP:
;__Lib_System.c,6 :: 		
;__Lib_System.c,9 :: 		
0x0009	0x1283      	BCF        STATUS, 5
0x000A	0x0824      	MOVF       ___DoICPAddr+1, 0
0x000B	0x008A      	MOVWF      PCLATH
;__Lib_System.c,10 :: 		
0x000C	0x0823      	MOVF       ___DoICPAddr, 0
0x000D	0x0082      	MOVWF      PCL
;__Lib_System.c,12 :: 		
L_end_____DoICP:
0x000E	0x0008      	RETURN
; end of _____DoICP
___CC2DW:
;__Lib_System.c,134 :: 		
;__Lib_System.c,137 :: 		
_CC2D_Loop1:
;__Lib_System.c,139 :: 		
0x000F	0x2009      	CALL       _____DoICP
0x0010	0x118A      	BCF        PCLATH, 3
0x0011	0x120A      	BCF        PCLATH, 4
;__Lib_System.c,141 :: 		
0x0012	0x0080      	MOVWF      INDF
;__Lib_System.c,142 :: 		
0x0013	0x0A84      	INCF       FSR, 1
;__Lib_System.c,143 :: 		
0x0014	0x0AA3      	INCF       ___DoICPAddr, 1
;__Lib_System.c,145 :: 		
0x0015	0x1903      	BTFSC      STATUS, 2
;__Lib_System.c,146 :: 		
0x0016	0x0AA4      	INCF       ___DoICPAddr+1, 1
;__Lib_System.c,147 :: 		
0x0017	0x03D0      	DECF       R0, 1
;__Lib_System.c,149 :: 		
0x0018	0x1D03      	BTFSS      STATUS, 2
;__Lib_System.c,150 :: 		
0x0019	0x280F      	GOTO       _CC2D_Loop1
;__Lib_System.c,152 :: 		
L_end___CC2DW:
0x001A	0x0008      	RETURN
; end of ___CC2DW
_ADC_Read:
;__Lib_ADC_A_E.c,75 :: 		
;__Lib_ADC_A_E.c,77 :: 		
0x001B	0x30C3      	MOVLW      195
0x001C	0x1283      	BCF        STATUS, 5
0x001D	0x059F      	ANDWF      ADCON0, 1
;__Lib_ADC_A_E.c,82 :: 		
0x001E	0x30F0      	MOVLW      240
0x001F	0x059F      	ANDWF      ADCON0, 1
;__Lib_ADC_A_E.c,83 :: 		
0x0020	0x0920      	COMF       _vref_mask, 0
0x0021	0x00D0      	MOVWF      R0
0x0022	0x0850      	MOVF       R0, 0
0x0023	0x059F      	ANDWF      ADCON0, 1
;__Lib_ADC_A_E.c,84 :: 		
0x0024	0x30F0      	MOVLW      240
0x0025	0x1683      	BSF        STATUS, 5
0x0026	0x049F      	IORWF      ANSEL, 1
;__Lib_ADC_A_E.c,85 :: 		
0x0027	0x1283      	BCF        STATUS, 5
0x0028	0x179F      	BSF        ADCON0, 7
;__Lib_ADC_A_E.c,86 :: 		
0x0029	0x0825      	MOVF       FARG_ADC_Read_channel, 0
0x002A	0x00D0      	MOVWF      R0
0x002B	0x0DD0      	RLF        R0, 1
0x002C	0x1050      	BCF        R0, 0
0x002D	0x0DD0      	RLF        R0, 1
0x002E	0x1050      	BCF        R0, 0
0x002F	0x0850      	MOVF       R0, 0
0x0030	0x049F      	IORWF      ADCON0, 1
;__Lib_ADC_A_E.c,89 :: 		
0x0031	0x141F      	BSF        ADCON0, 0
;__Lib_ADC_A_E.c,92 :: 		
0x0032	0x2003      	CALL       _Delay_22us
;__Lib_ADC_A_E.c,95 :: 		
0x0033	0x149F      	BSF        ADCON0, 1
;__Lib_ADC_A_E.c,98 :: 		
L_ADC_Read2:
0x0034	0x1C9F      	BTFSS      ADCON0, 1
0x0035	0x2838      	GOTO       L_ADC_Read3
;__Lib_ADC_A_E.c,99 :: 		
0x0036	0x0000      	NOP
0x0037	0x2834      	GOTO       L_ADC_Read2
L_ADC_Read3:
;__Lib_ADC_A_E.c,102 :: 		
0x0038	0x101F      	BCF        ADCON0, 0
;__Lib_ADC_A_E.c,105 :: 		
0x0039	0x081E      	MOVF       ADRESH, 0
0x003A	0x00D1      	MOVWF      R0+1
0x003B	0x01D0      	CLRF       R0
0x003C	0x1683      	BSF        STATUS, 5
0x003D	0x081E      	MOVF       ADRESL, 0
0x003E	0x04D0      	IORWF      R0, 1
0x003F	0x3000      	MOVLW      0
0x0040	0x04D1      	IORWF      R0+1, 1
;__Lib_ADC_A_E.c,106 :: 		
L_end_ADC_Read:
0x0041	0x0008      	RETURN
; end of _ADC_Read
_main:
0x0042	0x20BE      	CALL       190
;Aula12_Pic12F675_Ad_.c,7 :: 		void main() {
;Aula12_Pic12F675_Ad_.c,8 :: 		ANSEL = 0b00000001;  // gp0 analogica e o restante digital
0x0043	0x3001      	MOVLW      1
0x0044	0x1683      	BSF        STATUS, 5
0x0045	0x009F      	MOVWF      ANSEL
;Aula12_Pic12F675_Ad_.c,9 :: 		ADCON0 = 1; //seleciona AN0
0x0046	0x3001      	MOVLW      1
0x0047	0x1283      	BCF        STATUS, 5
0x0048	0x009F      	MOVWF      ADCON0
;Aula12_Pic12F675_Ad_.c,10 :: 		CMCON = 7; // desativa os comparadores
0x0049	0x3007      	MOVLW      7
0x004A	0x0099      	MOVWF      CMCON
;Aula12_Pic12F675_Ad_.c,13 :: 		TRISIO = 0b00000001; // gp0 como entrada e o restante saída.
0x004B	0x3001      	MOVLW      1
0x004C	0x1683      	BSF        STATUS, 5
0x004D	0x0085      	MOVWF      TRISIO
;Aula12_Pic12F675_Ad_.c,14 :: 		GPIO = 0;
0x004E	0x1283      	BCF        STATUS, 5
0x004F	0x0185      	CLRF       GPIO
;Aula12_Pic12F675_Ad_.c,16 :: 		while(1){
L_main0:
;Aula12_Pic12F675_Ad_.c,17 :: 		leitura = ADC_Read(0);
0x0050	0x01A5      	CLRF       FARG_ADC_Read_channel
0x0051	0x201B      	CALL       _ADC_Read
0x0052	0x0850      	MOVF       R0, 0
0x0053	0x00A1      	MOVWF      _leitura
0x0054	0x0851      	MOVF       R0+1, 0
0x0055	0x00A2      	MOVWF      _leitura+1
;Aula12_Pic12F675_Ad_.c,19 :: 		if(leitura > 0){
0x0056	0x3080      	MOVLW      128
0x0057	0x00D2      	MOVWF      R2
0x0058	0x3080      	MOVLW      128
0x0059	0x0651      	XORWF      R0+1, 0
0x005A	0x0252      	SUBWF      R2, 0
0x005B	0x1D03      	BTFSS      STATUS, 2
0x005C	0x285F      	GOTO       L__main9
0x005D	0x0850      	MOVF       R0, 0
0x005E	0x3C00      	SUBLW      0
L__main9:
0x005F	0x1803      	BTFSC      STATUS, 0
0x0060	0x2866      	GOTO       L_main2
;Aula12_Pic12F675_Ad_.c,20 :: 		led1 = 0;
0x0061	0x1283      	BCF        STATUS, 5
0x0062	0x1085      	BCF        GPIO, 1
;Aula12_Pic12F675_Ad_.c,21 :: 		led2 = 0;
0x0063	0x1105      	BCF        GPIO, 2
;Aula12_Pic12F675_Ad_.c,22 :: 		led3 = 0;
0x0064	0x1205      	BCF        GPIO, 4
;Aula12_Pic12F675_Ad_.c,23 :: 		led4 = 0;
0x0065	0x1285      	BCF        GPIO, 5
;Aula12_Pic12F675_Ad_.c,24 :: 		} if(leitura > 204){
L_main2:
0x0066	0x3080      	MOVLW      128
0x0067	0x00D0      	MOVWF      R0
0x0068	0x3080      	MOVLW      128
0x0069	0x0622      	XORWF      _leitura+1, 0
0x006A	0x0250      	SUBWF      R0, 0
0x006B	0x1D03      	BTFSS      STATUS, 2
0x006C	0x286F      	GOTO       L__main10
0x006D	0x0821      	MOVF       _leitura, 0
0x006E	0x3CCC      	SUBLW      204
L__main10:
0x006F	0x1803      	BTFSC      STATUS, 0
0x0070	0x2876      	GOTO       L_main3
;Aula12_Pic12F675_Ad_.c,25 :: 		led1 = 1;
0x0071	0x1283      	BCF        STATUS, 5
0x0072	0x1485      	BSF        GPIO, 1
;Aula12_Pic12F675_Ad_.c,26 :: 		led2 = 0;
0x0073	0x1105      	BCF        GPIO, 2
;Aula12_Pic12F675_Ad_.c,27 :: 		led3 = 0;
0x0074	0x1205      	BCF        GPIO, 4
;Aula12_Pic12F675_Ad_.c,28 :: 		led4 = 0;
0x0075	0x1285      	BCF        GPIO, 5
;Aula12_Pic12F675_Ad_.c,29 :: 		} if(leitura > 408){
L_main3:
0x0076	0x3080      	MOVLW      128
0x0077	0x3A01      	XORLW      1
0x0078	0x00D0      	MOVWF      R0
0x0079	0x3080      	MOVLW      128
0x007A	0x0622      	XORWF      _leitura+1, 0
0x007B	0x0250      	SUBWF      R0, 0
0x007C	0x1D03      	BTFSS      STATUS, 2
0x007D	0x2880      	GOTO       L__main11
0x007E	0x0821      	MOVF       _leitura, 0
0x007F	0x3C98      	SUBLW      152
L__main11:
0x0080	0x1803      	BTFSC      STATUS, 0
0x0081	0x2887      	GOTO       L_main4
;Aula12_Pic12F675_Ad_.c,30 :: 		led1 = 1;
0x0082	0x1283      	BCF        STATUS, 5
0x0083	0x1485      	BSF        GPIO, 1
;Aula12_Pic12F675_Ad_.c,31 :: 		led2 = 1;
0x0084	0x1505      	BSF        GPIO, 2
;Aula12_Pic12F675_Ad_.c,32 :: 		led3 = 0;
0x0085	0x1205      	BCF        GPIO, 4
;Aula12_Pic12F675_Ad_.c,33 :: 		led4 = 0;
0x0086	0x1285      	BCF        GPIO, 5
;Aula12_Pic12F675_Ad_.c,34 :: 		}   if(leitura > 612){
L_main4:
0x0087	0x3080      	MOVLW      128
0x0088	0x3A02      	XORLW      2
0x0089	0x00D0      	MOVWF      R0
0x008A	0x3080      	MOVLW      128
0x008B	0x0622      	XORWF      _leitura+1, 0
0x008C	0x0250      	SUBWF      R0, 0
0x008D	0x1D03      	BTFSS      STATUS, 2
0x008E	0x2891      	GOTO       L__main12
0x008F	0x0821      	MOVF       _leitura, 0
0x0090	0x3C64      	SUBLW      100
L__main12:
0x0091	0x1803      	BTFSC      STATUS, 0
0x0092	0x2898      	GOTO       L_main5
;Aula12_Pic12F675_Ad_.c,35 :: 		led1 = 1;
0x0093	0x1283      	BCF        STATUS, 5
0x0094	0x1485      	BSF        GPIO, 1
;Aula12_Pic12F675_Ad_.c,36 :: 		led2 = 1;
0x0095	0x1505      	BSF        GPIO, 2
;Aula12_Pic12F675_Ad_.c,37 :: 		led3 = 1;
0x0096	0x1605      	BSF        GPIO, 4
;Aula12_Pic12F675_Ad_.c,38 :: 		led4 = 0;
0x0097	0x1285      	BCF        GPIO, 5
;Aula12_Pic12F675_Ad_.c,39 :: 		}   if(leitura > 816){
L_main5:
0x0098	0x3080      	MOVLW      128
0x0099	0x3A03      	XORLW      3
0x009A	0x00D0      	MOVWF      R0
0x009B	0x3080      	MOVLW      128
0x009C	0x0622      	XORWF      _leitura+1, 0
0x009D	0x0250      	SUBWF      R0, 0
0x009E	0x1D03      	BTFSS      STATUS, 2
0x009F	0x28A2      	GOTO       L__main13
0x00A0	0x0821      	MOVF       _leitura, 0
0x00A1	0x3C30      	SUBLW      48
L__main13:
0x00A2	0x1803      	BTFSC      STATUS, 0
0x00A3	0x28A9      	GOTO       L_main6
;Aula12_Pic12F675_Ad_.c,40 :: 		led1 = 1;
0x00A4	0x1283      	BCF        STATUS, 5
0x00A5	0x1485      	BSF        GPIO, 1
;Aula12_Pic12F675_Ad_.c,41 :: 		led2 = 1;
0x00A6	0x1505      	BSF        GPIO, 2
;Aula12_Pic12F675_Ad_.c,42 :: 		led3 = 1;
0x00A7	0x1605      	BSF        GPIO, 4
;Aula12_Pic12F675_Ad_.c,43 :: 		led4 = 1;
0x00A8	0x1685      	BSF        GPIO, 5
;Aula12_Pic12F675_Ad_.c,44 :: 		}
L_main6:
;Aula12_Pic12F675_Ad_.c,45 :: 		delay_ms(100); // taxa de atualiazação do adc
0x00A9	0x3082      	MOVLW      130
0x00AA	0x00DC      	MOVWF      R12
0x00AB	0x30DD      	MOVLW      221
0x00AC	0x00DD      	MOVWF      R13
L_main7:
0x00AD	0x0BDD      	DECFSZ     R13, 1
0x00AE	0x28AD      	GOTO       L_main7
0x00AF	0x0BDC      	DECFSZ     R12, 1
0x00B0	0x28AD      	GOTO       L_main7
0x00B1	0x0000      	NOP
0x00B2	0x0000      	NOP
;Aula12_Pic12F675_Ad_.c,46 :: 		}
0x00B3	0x2850      	GOTO       L_main0
;Aula12_Pic12F675_Ad_.c,49 :: 		}
L_end_main:
0x00B4	0x28B4      	GOTO       $+0
; end of _main
0x00BE	0x3020      	MOVLW      32
0x00BF	0x0084      	MOVWF      FSR
0x00C0	0x3003      	MOVLW      3
0x00C1	0x1283      	BCF        STATUS, 5
0x00C2	0x00D0      	MOVWF      R0
0x00C3	0x30BA      	MOVLW      186
0x00C4	0x00A3      	MOVWF      ___DoICPAddr
0x00C5	0x3000      	MOVLW      0
0x00C6	0x00A4      	MOVWF      36
0x00C7	0x200F      	CALL       15
0x00C8	0x0008      	RETURN
;__Lib_ADC_A_E.c,0 :: ?ICS_vref_mask
0x00BA	0x3440 ;?ICS_vref_mask+0
; end of ?ICS_vref_mask
;Aula12_Pic12F675_Ad_.c,0 :: ?ICS_leitura
0x00BB	0x3400 ;?ICS_leitura+0
0x00BC	0x3400 ;?ICS_leitura+1
; end of ?ICS_leitura
Symbol List:
//** Routines locations **
//ADDRESS    SIZE    PROCEDURE
//----------------------------------------------
0x0003       [6]    _Delay_22us
0x0009       [6]    _____DoICP
0x000F      [12]    ___CC2DW
0x001B      [39]    _ADC_Read
0x0042     [114]    _main
//** Variables locations ** 
//ADDRESS    SIZE    VARIABLE
//----------------------------------------------
0x0000       [1]    INDF
0x0002       [1]    PCL
0x0003       [1]    STATUS
0x0004       [1]    FSR
0x0005       [1]    GPIO
0x000A       [1]    PCLATH
0x0019       [1]    CMCON
0x001E       [1]    ADRESH
0x001F       [1]    ADCON0
0x0020       [1]    _vref_mask
0x0021       [2]    _leitura
0x0023       [2]    ___DoICPAddr
0x0025       [1]    FARG_ADC_Read_channel
0x0050       [1]    R0
0x0051       [1]    R1
0x0052       [1]    R2
0x0053       [1]    R3
0x0054       [1]    R4
0x0055       [1]    R5
0x0056       [1]    R6
0x0057       [1]    R7
0x0058       [1]    R8
0x0059       [1]    R9
0x005A       [1]    R10
0x005B       [1]    R11
0x005C       [1]    R12
0x005D       [1]    R13
0x005E       [1]    R14
0x005F       [1]    R15
0x0085       [1]    TRISIO
0x009E       [1]    ADRESL
0x009F       [1]    ANSEL
//** Constants locations ** 
//ADDRESS    SIZE    CONSTANT
//----------------------------------------------
0x00BA       [1]    ?ICS_vref_mask
0x00BB       [2]    ?ICS_leitura
