;  LST file generated by mikroListExporter - v.2.0 
; Date/Time: 21/08/2019 13:03:13
;----------------------------------------------

;Address Opcode 	ASM
0x0000	0x2803      	GOTO       3
_main:
;Aula2.c,1 :: 		void main() {
;Aula2.c,3 :: 		TRISB = 0b00000000;
0x0003	0x1683      	BSF        STATUS, 5
0x0004	0x0186      	CLRF       TRISB
;Aula2.c,4 :: 		PORTB = 0b00000000;
0x0005	0x1283      	BCF        STATUS, 5
0x0006	0x0186      	CLRF       PORTB
;Aula2.c,6 :: 		while(1){
L_main0:
;Aula2.c,7 :: 		PORTB++;
0x0007	0x0A06      	INCF       PORTB, 0
0x0008	0x00C0      	MOVWF      R0
0x0009	0x0840      	MOVF       R0, 0
0x000A	0x0086      	MOVWF      PORTB
;Aula2.c,8 :: 		delay_ms(50);
0x000B	0x3082      	MOVLW      130
0x000C	0x00CC      	MOVWF      R12
0x000D	0x30DD      	MOVLW      221
0x000E	0x00CD      	MOVWF      R13
L_main2:
0x000F	0x0BCD      	DECFSZ     R13, 1
0x0010	0x280F      	GOTO       L_main2
0x0011	0x0BCC      	DECFSZ     R12, 1
0x0012	0x280F      	GOTO       L_main2
0x0013	0x0000      	NOP
0x0014	0x0000      	NOP
;Aula2.c,9 :: 		}
0x0015	0x2807      	GOTO       L_main0
;Aula2.c,11 :: 		}
L_end_main:
0x0016	0x2816      	GOTO       $+0
; end of _main
Symbol List:
//** Routines locations **
//ADDRESS    SIZE    PROCEDURE
//----------------------------------------------
0x0003      [20]    _main
//** Variables locations ** 
//ADDRESS    SIZE    VARIABLE
//----------------------------------------------
0x0000       [1]    INDF
0x0003       [1]    STATUS
0x0004       [1]    FSR
0x0006       [1]    PORTB
0x000A       [1]    PCLATH
0x000C       [2]    ___DoICPAddr
0x0040       [1]    R0
0x0041       [1]    R1
0x0042       [1]    R2
0x0043       [1]    R3
0x0044       [1]    R4
0x0045       [1]    R5
0x0046       [1]    R6
0x0047       [1]    R7
0x0048       [1]    R8
0x0049       [1]    R9
0x004A       [1]    R10
0x004B       [1]    R11
0x004C       [1]    R12
0x004D       [1]    R13
0x004E       [1]    R14
0x004F       [1]    R15
0x0086       [1]    TRISB
