;  LST file generated by mikroListExporter - v.2.0 
; Date/Time: 28/08/2019 12:28:53
;----------------------------------------------

;Address Opcode 	ASM
0x0000	0x28D6      	GOTO       214
_____DoICP:
;__Lib_System.c,6 :: 		
;__Lib_System.c,9 :: 		
0x0003	0x1283      	BCF        STATUS, 5
0x0004	0x1303      	BCF        STATUS, 6
0x0005	0x0823      	MOVF       ___DoICPAddr+1, 0
0x0006	0x008A      	MOVWF      PCLATH
;__Lib_System.c,10 :: 		
0x0007	0x0822      	MOVF       ___DoICPAddr, 0
0x0008	0x0082      	MOVWF      PCL
;__Lib_System.c,12 :: 		
L_end_____DoICP:
0x0009	0x0008      	RETURN
; end of _____DoICP
___CC2DW:
;__Lib_System.c,134 :: 		
;__Lib_System.c,137 :: 		
_CC2D_Loop1:
;__Lib_System.c,139 :: 		
0x000A	0x2003      	CALL       _____DoICP
0x000B	0x118A      	BCF        PCLATH, 3
0x000C	0x120A      	BCF        PCLATH, 4
;__Lib_System.c,141 :: 		
0x000D	0x0080      	MOVWF      INDF
;__Lib_System.c,142 :: 		
0x000E	0x0A84      	INCF       FSR, 1
;__Lib_System.c,143 :: 		
0x000F	0x0AA2      	INCF       ___DoICPAddr, 1
;__Lib_System.c,145 :: 		
0x0010	0x1903      	BTFSC      STATUS, 2
;__Lib_System.c,146 :: 		
0x0011	0x0AA3      	INCF       ___DoICPAddr+1, 1
;__Lib_System.c,147 :: 		
0x0012	0x03F0      	DECF       R0, 1
;__Lib_System.c,149 :: 		
0x0013	0x1D03      	BTFSS      STATUS, 2
;__Lib_System.c,150 :: 		
0x0014	0x280A      	GOTO       _CC2D_Loop1
;__Lib_System.c,152 :: 		
L_end___CC2DW:
0x0015	0x0008      	RETURN
; end of ___CC2DW
_dezena:
;Aula14_16g_7Seg_Proj_.c,123 :: 		void dezena(char numero){
;Aula14_16g_7Seg_Proj_.c,125 :: 		switch(numero){
0x0016	0x284B      	GOTO       L_dezena17
;Aula14_16g_7Seg_Proj_.c,127 :: 		case 0:
L_dezena19:
;Aula14_16g_7Seg_Proj_.c,128 :: 		RB4_bit = 0;
0x0017	0x1283      	BCF        STATUS, 5
0x0018	0x1303      	BCF        STATUS, 6
0x0019	0x1206      	BCF        RB4_bit, BitPos(RB4_bit+0)
;Aula14_16g_7Seg_Proj_.c,129 :: 		RB5_bit = 0;
0x001A	0x1286      	BCF        RB5_bit, BitPos(RB5_bit+0)
;Aula14_16g_7Seg_Proj_.c,130 :: 		RB6_bit = 0;
0x001B	0x1306      	BCF        RB6_bit, BitPos(RB6_bit+0)
;Aula14_16g_7Seg_Proj_.c,131 :: 		RB7_bit = 0;
0x001C	0x1386      	BCF        RB7_bit, BitPos(RB7_bit+0)
;Aula14_16g_7Seg_Proj_.c,132 :: 		break;
0x001D	0x2875      	GOTO       L_dezena18
;Aula14_16g_7Seg_Proj_.c,134 :: 		case 1:
L_dezena20:
;Aula14_16g_7Seg_Proj_.c,135 :: 		RB4_bit = 1;
0x001E	0x1606      	BSF        RB4_bit, BitPos(RB4_bit+0)
;Aula14_16g_7Seg_Proj_.c,136 :: 		RB5_bit = 0;
0x001F	0x1286      	BCF        RB5_bit, BitPos(RB5_bit+0)
;Aula14_16g_7Seg_Proj_.c,137 :: 		RB6_bit = 0;
0x0020	0x1306      	BCF        RB6_bit, BitPos(RB6_bit+0)
;Aula14_16g_7Seg_Proj_.c,138 :: 		RB7_bit = 0;
0x0021	0x1386      	BCF        RB7_bit, BitPos(RB7_bit+0)
;Aula14_16g_7Seg_Proj_.c,139 :: 		break;
0x0022	0x2875      	GOTO       L_dezena18
;Aula14_16g_7Seg_Proj_.c,141 :: 		case 2:
L_dezena21:
;Aula14_16g_7Seg_Proj_.c,142 :: 		RB4_bit = 0;
0x0023	0x1206      	BCF        RB4_bit, BitPos(RB4_bit+0)
;Aula14_16g_7Seg_Proj_.c,143 :: 		RB5_bit = 1;
0x0024	0x1686      	BSF        RB5_bit, BitPos(RB5_bit+0)
;Aula14_16g_7Seg_Proj_.c,144 :: 		RB6_bit = 0;
0x0025	0x1306      	BCF        RB6_bit, BitPos(RB6_bit+0)
;Aula14_16g_7Seg_Proj_.c,145 :: 		RB7_bit = 0;
0x0026	0x1386      	BCF        RB7_bit, BitPos(RB7_bit+0)
;Aula14_16g_7Seg_Proj_.c,146 :: 		break;
0x0027	0x2875      	GOTO       L_dezena18
;Aula14_16g_7Seg_Proj_.c,148 :: 		case 3:
L_dezena22:
;Aula14_16g_7Seg_Proj_.c,149 :: 		RB4_bit = 1;
0x0028	0x1606      	BSF        RB4_bit, BitPos(RB4_bit+0)
;Aula14_16g_7Seg_Proj_.c,150 :: 		RB5_bit = 1;
0x0029	0x1686      	BSF        RB5_bit, BitPos(RB5_bit+0)
;Aula14_16g_7Seg_Proj_.c,151 :: 		RB6_bit = 0;
0x002A	0x1306      	BCF        RB6_bit, BitPos(RB6_bit+0)
;Aula14_16g_7Seg_Proj_.c,152 :: 		RB7_bit = 0;
0x002B	0x1386      	BCF        RB7_bit, BitPos(RB7_bit+0)
;Aula14_16g_7Seg_Proj_.c,153 :: 		break;
0x002C	0x2875      	GOTO       L_dezena18
;Aula14_16g_7Seg_Proj_.c,155 :: 		case 4:
L_dezena23:
;Aula14_16g_7Seg_Proj_.c,156 :: 		RB4_bit = 0;
0x002D	0x1206      	BCF        RB4_bit, BitPos(RB4_bit+0)
;Aula14_16g_7Seg_Proj_.c,157 :: 		RB5_bit = 0;
0x002E	0x1286      	BCF        RB5_bit, BitPos(RB5_bit+0)
;Aula14_16g_7Seg_Proj_.c,158 :: 		RB6_bit = 1;
0x002F	0x1706      	BSF        RB6_bit, BitPos(RB6_bit+0)
;Aula14_16g_7Seg_Proj_.c,159 :: 		RB7_bit = 0;
0x0030	0x1386      	BCF        RB7_bit, BitPos(RB7_bit+0)
;Aula14_16g_7Seg_Proj_.c,160 :: 		break;
0x0031	0x2875      	GOTO       L_dezena18
;Aula14_16g_7Seg_Proj_.c,162 :: 		case 5:
L_dezena24:
;Aula14_16g_7Seg_Proj_.c,163 :: 		RB4_bit = 1;
0x0032	0x1606      	BSF        RB4_bit, BitPos(RB4_bit+0)
;Aula14_16g_7Seg_Proj_.c,164 :: 		RB5_bit = 0;
0x0033	0x1286      	BCF        RB5_bit, BitPos(RB5_bit+0)
;Aula14_16g_7Seg_Proj_.c,165 :: 		RB6_bit = 1;
0x0034	0x1706      	BSF        RB6_bit, BitPos(RB6_bit+0)
;Aula14_16g_7Seg_Proj_.c,166 :: 		RB7_bit = 0;
0x0035	0x1386      	BCF        RB7_bit, BitPos(RB7_bit+0)
;Aula14_16g_7Seg_Proj_.c,167 :: 		break;
0x0036	0x2875      	GOTO       L_dezena18
;Aula14_16g_7Seg_Proj_.c,169 :: 		case 6:
L_dezena25:
;Aula14_16g_7Seg_Proj_.c,170 :: 		RB4_bit = 0;
0x0037	0x1206      	BCF        RB4_bit, BitPos(RB4_bit+0)
;Aula14_16g_7Seg_Proj_.c,171 :: 		RB5_bit = 1;
0x0038	0x1686      	BSF        RB5_bit, BitPos(RB5_bit+0)
;Aula14_16g_7Seg_Proj_.c,172 :: 		RB6_bit = 1;
0x0039	0x1706      	BSF        RB6_bit, BitPos(RB6_bit+0)
;Aula14_16g_7Seg_Proj_.c,173 :: 		RB7_bit = 0;
0x003A	0x1386      	BCF        RB7_bit, BitPos(RB7_bit+0)
;Aula14_16g_7Seg_Proj_.c,174 :: 		break;
0x003B	0x2875      	GOTO       L_dezena18
;Aula14_16g_7Seg_Proj_.c,176 :: 		case 7:
L_dezena26:
;Aula14_16g_7Seg_Proj_.c,177 :: 		RB4_bit = 1;
0x003C	0x1606      	BSF        RB4_bit, BitPos(RB4_bit+0)
;Aula14_16g_7Seg_Proj_.c,178 :: 		RB5_bit = 1;
0x003D	0x1686      	BSF        RB5_bit, BitPos(RB5_bit+0)
;Aula14_16g_7Seg_Proj_.c,179 :: 		RB6_bit = 1;
0x003E	0x1706      	BSF        RB6_bit, BitPos(RB6_bit+0)
;Aula14_16g_7Seg_Proj_.c,180 :: 		RB7_bit = 0;
0x003F	0x1386      	BCF        RB7_bit, BitPos(RB7_bit+0)
;Aula14_16g_7Seg_Proj_.c,181 :: 		break;
0x0040	0x2875      	GOTO       L_dezena18
;Aula14_16g_7Seg_Proj_.c,183 :: 		case 8:
L_dezena27:
;Aula14_16g_7Seg_Proj_.c,184 :: 		RB4_bit = 0;
0x0041	0x1206      	BCF        RB4_bit, BitPos(RB4_bit+0)
;Aula14_16g_7Seg_Proj_.c,185 :: 		RB5_bit = 0;
0x0042	0x1286      	BCF        RB5_bit, BitPos(RB5_bit+0)
;Aula14_16g_7Seg_Proj_.c,186 :: 		RB6_bit = 0;
0x0043	0x1306      	BCF        RB6_bit, BitPos(RB6_bit+0)
;Aula14_16g_7Seg_Proj_.c,187 :: 		RB7_bit = 1;
0x0044	0x1786      	BSF        RB7_bit, BitPos(RB7_bit+0)
;Aula14_16g_7Seg_Proj_.c,188 :: 		break;
0x0045	0x2875      	GOTO       L_dezena18
;Aula14_16g_7Seg_Proj_.c,190 :: 		case 9:
L_dezena28:
;Aula14_16g_7Seg_Proj_.c,191 :: 		RB4_bit = 1;
0x0046	0x1606      	BSF        RB4_bit, BitPos(RB4_bit+0)
;Aula14_16g_7Seg_Proj_.c,192 :: 		RB5_bit = 0;
0x0047	0x1286      	BCF        RB5_bit, BitPos(RB5_bit+0)
;Aula14_16g_7Seg_Proj_.c,193 :: 		RB6_bit = 0;
0x0048	0x1306      	BCF        RB6_bit, BitPos(RB6_bit+0)
;Aula14_16g_7Seg_Proj_.c,194 :: 		RB7_bit = 1;
0x0049	0x1786      	BSF        RB7_bit, BitPos(RB7_bit+0)
;Aula14_16g_7Seg_Proj_.c,195 :: 		break;
0x004A	0x2875      	GOTO       L_dezena18
;Aula14_16g_7Seg_Proj_.c,197 :: 		}
L_dezena17:
0x004B	0x1283      	BCF        STATUS, 5
0x004C	0x1303      	BCF        STATUS, 6
0x004D	0x0824      	MOVF       FARG_dezena_numero, 0
0x004E	0x3A00      	XORLW      0
0x004F	0x1903      	BTFSC      STATUS, 2
0x0050	0x2817      	GOTO       L_dezena19
0x0051	0x0824      	MOVF       FARG_dezena_numero, 0
0x0052	0x3A01      	XORLW      1
0x0053	0x1903      	BTFSC      STATUS, 2
0x0054	0x281E      	GOTO       L_dezena20
0x0055	0x0824      	MOVF       FARG_dezena_numero, 0
0x0056	0x3A02      	XORLW      2
0x0057	0x1903      	BTFSC      STATUS, 2
0x0058	0x2823      	GOTO       L_dezena21
0x0059	0x0824      	MOVF       FARG_dezena_numero, 0
0x005A	0x3A03      	XORLW      3
0x005B	0x1903      	BTFSC      STATUS, 2
0x005C	0x2828      	GOTO       L_dezena22
0x005D	0x0824      	MOVF       FARG_dezena_numero, 0
0x005E	0x3A04      	XORLW      4
0x005F	0x1903      	BTFSC      STATUS, 2
0x0060	0x282D      	GOTO       L_dezena23
0x0061	0x0824      	MOVF       FARG_dezena_numero, 0
0x0062	0x3A05      	XORLW      5
0x0063	0x1903      	BTFSC      STATUS, 2
0x0064	0x2832      	GOTO       L_dezena24
0x0065	0x0824      	MOVF       FARG_dezena_numero, 0
0x0066	0x3A06      	XORLW      6
0x0067	0x1903      	BTFSC      STATUS, 2
0x0068	0x2837      	GOTO       L_dezena25
0x0069	0x0824      	MOVF       FARG_dezena_numero, 0
0x006A	0x3A07      	XORLW      7
0x006B	0x1903      	BTFSC      STATUS, 2
0x006C	0x283C      	GOTO       L_dezena26
0x006D	0x0824      	MOVF       FARG_dezena_numero, 0
0x006E	0x3A08      	XORLW      8
0x006F	0x1903      	BTFSC      STATUS, 2
0x0070	0x2841      	GOTO       L_dezena27
0x0071	0x0824      	MOVF       FARG_dezena_numero, 0
0x0072	0x3A09      	XORLW      9
0x0073	0x1903      	BTFSC      STATUS, 2
0x0074	0x2846      	GOTO       L_dezena28
L_dezena18:
;Aula14_16g_7Seg_Proj_.c,199 :: 		}
L_end_dezena:
0x0075	0x0008      	RETURN
; end of _dezena
_unidade:
;Aula14_16g_7Seg_Proj_.c,44 :: 		void unidade(char numero){
;Aula14_16g_7Seg_Proj_.c,46 :: 		switch(numero){
0x0076	0x28AB      	GOTO       L_unidade5
;Aula14_16g_7Seg_Proj_.c,48 :: 		case 0:
L_unidade7:
;Aula14_16g_7Seg_Proj_.c,49 :: 		RB0_bit = 0;
0x0077	0x1283      	BCF        STATUS, 5
0x0078	0x1303      	BCF        STATUS, 6
0x0079	0x1006      	BCF        RB0_bit, BitPos(RB0_bit+0)
;Aula14_16g_7Seg_Proj_.c,50 :: 		RB1_bit = 0;
0x007A	0x1086      	BCF        RB1_bit, BitPos(RB1_bit+0)
;Aula14_16g_7Seg_Proj_.c,51 :: 		RB2_bit = 0;
0x007B	0x1106      	BCF        RB2_bit, BitPos(RB2_bit+0)
;Aula14_16g_7Seg_Proj_.c,52 :: 		RB3_bit = 0;
0x007C	0x1186      	BCF        RB3_bit, BitPos(RB3_bit+0)
;Aula14_16g_7Seg_Proj_.c,53 :: 		break;
0x007D	0x28D5      	GOTO       L_unidade6
;Aula14_16g_7Seg_Proj_.c,55 :: 		case 1:
L_unidade8:
;Aula14_16g_7Seg_Proj_.c,56 :: 		RB0_bit = 1;
0x007E	0x1406      	BSF        RB0_bit, BitPos(RB0_bit+0)
;Aula14_16g_7Seg_Proj_.c,57 :: 		RB1_bit = 0;
0x007F	0x1086      	BCF        RB1_bit, BitPos(RB1_bit+0)
;Aula14_16g_7Seg_Proj_.c,58 :: 		RB2_bit = 0;
0x0080	0x1106      	BCF        RB2_bit, BitPos(RB2_bit+0)
;Aula14_16g_7Seg_Proj_.c,59 :: 		RB3_bit = 0;
0x0081	0x1186      	BCF        RB3_bit, BitPos(RB3_bit+0)
;Aula14_16g_7Seg_Proj_.c,60 :: 		break;
0x0082	0x28D5      	GOTO       L_unidade6
;Aula14_16g_7Seg_Proj_.c,62 :: 		case 2:
L_unidade9:
;Aula14_16g_7Seg_Proj_.c,63 :: 		RB0_bit = 0;
0x0083	0x1006      	BCF        RB0_bit, BitPos(RB0_bit+0)
;Aula14_16g_7Seg_Proj_.c,64 :: 		RB1_bit = 1;
0x0084	0x1486      	BSF        RB1_bit, BitPos(RB1_bit+0)
;Aula14_16g_7Seg_Proj_.c,65 :: 		RB2_bit = 0;
0x0085	0x1106      	BCF        RB2_bit, BitPos(RB2_bit+0)
;Aula14_16g_7Seg_Proj_.c,66 :: 		RB3_bit = 0;
0x0086	0x1186      	BCF        RB3_bit, BitPos(RB3_bit+0)
;Aula14_16g_7Seg_Proj_.c,67 :: 		break;
0x0087	0x28D5      	GOTO       L_unidade6
;Aula14_16g_7Seg_Proj_.c,69 :: 		case 3:
L_unidade10:
;Aula14_16g_7Seg_Proj_.c,70 :: 		RB0_bit = 1;
0x0088	0x1406      	BSF        RB0_bit, BitPos(RB0_bit+0)
;Aula14_16g_7Seg_Proj_.c,71 :: 		RB1_bit = 1;
0x0089	0x1486      	BSF        RB1_bit, BitPos(RB1_bit+0)
;Aula14_16g_7Seg_Proj_.c,72 :: 		RB2_bit = 0;
0x008A	0x1106      	BCF        RB2_bit, BitPos(RB2_bit+0)
;Aula14_16g_7Seg_Proj_.c,73 :: 		RB3_bit = 0;
0x008B	0x1186      	BCF        RB3_bit, BitPos(RB3_bit+0)
;Aula14_16g_7Seg_Proj_.c,74 :: 		break;
0x008C	0x28D5      	GOTO       L_unidade6
;Aula14_16g_7Seg_Proj_.c,76 :: 		case 4:
L_unidade11:
;Aula14_16g_7Seg_Proj_.c,77 :: 		RB0_bit = 0;
0x008D	0x1006      	BCF        RB0_bit, BitPos(RB0_bit+0)
;Aula14_16g_7Seg_Proj_.c,78 :: 		RB1_bit = 0;
0x008E	0x1086      	BCF        RB1_bit, BitPos(RB1_bit+0)
;Aula14_16g_7Seg_Proj_.c,79 :: 		RB2_bit = 1;
0x008F	0x1506      	BSF        RB2_bit, BitPos(RB2_bit+0)
;Aula14_16g_7Seg_Proj_.c,80 :: 		RB3_bit = 0;
0x0090	0x1186      	BCF        RB3_bit, BitPos(RB3_bit+0)
;Aula14_16g_7Seg_Proj_.c,81 :: 		break;
0x0091	0x28D5      	GOTO       L_unidade6
;Aula14_16g_7Seg_Proj_.c,83 :: 		case 5:
L_unidade12:
;Aula14_16g_7Seg_Proj_.c,84 :: 		RB0_bit = 1;
0x0092	0x1406      	BSF        RB0_bit, BitPos(RB0_bit+0)
;Aula14_16g_7Seg_Proj_.c,85 :: 		RB1_bit = 0;
0x0093	0x1086      	BCF        RB1_bit, BitPos(RB1_bit+0)
;Aula14_16g_7Seg_Proj_.c,86 :: 		RB2_bit = 1;
0x0094	0x1506      	BSF        RB2_bit, BitPos(RB2_bit+0)
;Aula14_16g_7Seg_Proj_.c,87 :: 		RB3_bit = 0;
0x0095	0x1186      	BCF        RB3_bit, BitPos(RB3_bit+0)
;Aula14_16g_7Seg_Proj_.c,88 :: 		break;
0x0096	0x28D5      	GOTO       L_unidade6
;Aula14_16g_7Seg_Proj_.c,90 :: 		case 6:
L_unidade13:
;Aula14_16g_7Seg_Proj_.c,91 :: 		RB0_bit = 0;
0x0097	0x1006      	BCF        RB0_bit, BitPos(RB0_bit+0)
;Aula14_16g_7Seg_Proj_.c,92 :: 		RB1_bit = 1;
0x0098	0x1486      	BSF        RB1_bit, BitPos(RB1_bit+0)
;Aula14_16g_7Seg_Proj_.c,93 :: 		RB2_bit = 1;
0x0099	0x1506      	BSF        RB2_bit, BitPos(RB2_bit+0)
;Aula14_16g_7Seg_Proj_.c,94 :: 		RB3_bit = 0;
0x009A	0x1186      	BCF        RB3_bit, BitPos(RB3_bit+0)
;Aula14_16g_7Seg_Proj_.c,95 :: 		break;
0x009B	0x28D5      	GOTO       L_unidade6
;Aula14_16g_7Seg_Proj_.c,97 :: 		case 7:
L_unidade14:
;Aula14_16g_7Seg_Proj_.c,98 :: 		RB0_bit = 1;
0x009C	0x1406      	BSF        RB0_bit, BitPos(RB0_bit+0)
;Aula14_16g_7Seg_Proj_.c,99 :: 		RB1_bit = 1;
0x009D	0x1486      	BSF        RB1_bit, BitPos(RB1_bit+0)
;Aula14_16g_7Seg_Proj_.c,100 :: 		RB2_bit = 1;
0x009E	0x1506      	BSF        RB2_bit, BitPos(RB2_bit+0)
;Aula14_16g_7Seg_Proj_.c,101 :: 		RB3_bit = 0;
0x009F	0x1186      	BCF        RB3_bit, BitPos(RB3_bit+0)
;Aula14_16g_7Seg_Proj_.c,102 :: 		break;
0x00A0	0x28D5      	GOTO       L_unidade6
;Aula14_16g_7Seg_Proj_.c,104 :: 		case 8:
L_unidade15:
;Aula14_16g_7Seg_Proj_.c,105 :: 		RB0_bit = 0;
0x00A1	0x1006      	BCF        RB0_bit, BitPos(RB0_bit+0)
;Aula14_16g_7Seg_Proj_.c,106 :: 		RB1_bit = 0;
0x00A2	0x1086      	BCF        RB1_bit, BitPos(RB1_bit+0)
;Aula14_16g_7Seg_Proj_.c,107 :: 		RB2_bit = 0;
0x00A3	0x1106      	BCF        RB2_bit, BitPos(RB2_bit+0)
;Aula14_16g_7Seg_Proj_.c,108 :: 		RB3_bit = 1;
0x00A4	0x1586      	BSF        RB3_bit, BitPos(RB3_bit+0)
;Aula14_16g_7Seg_Proj_.c,109 :: 		break;
0x00A5	0x28D5      	GOTO       L_unidade6
;Aula14_16g_7Seg_Proj_.c,111 :: 		case 9:
L_unidade16:
;Aula14_16g_7Seg_Proj_.c,112 :: 		RB0_bit = 1;
0x00A6	0x1406      	BSF        RB0_bit, BitPos(RB0_bit+0)
;Aula14_16g_7Seg_Proj_.c,113 :: 		RB1_bit = 0;
0x00A7	0x1086      	BCF        RB1_bit, BitPos(RB1_bit+0)
;Aula14_16g_7Seg_Proj_.c,114 :: 		RB2_bit = 0;
0x00A8	0x1106      	BCF        RB2_bit, BitPos(RB2_bit+0)
;Aula14_16g_7Seg_Proj_.c,115 :: 		RB3_bit = 1;
0x00A9	0x1586      	BSF        RB3_bit, BitPos(RB3_bit+0)
;Aula14_16g_7Seg_Proj_.c,116 :: 		break;
0x00AA	0x28D5      	GOTO       L_unidade6
;Aula14_16g_7Seg_Proj_.c,118 :: 		}
L_unidade5:
0x00AB	0x1283      	BCF        STATUS, 5
0x00AC	0x1303      	BCF        STATUS, 6
0x00AD	0x0824      	MOVF       FARG_unidade_numero, 0
0x00AE	0x3A00      	XORLW      0
0x00AF	0x1903      	BTFSC      STATUS, 2
0x00B0	0x2877      	GOTO       L_unidade7
0x00B1	0x0824      	MOVF       FARG_unidade_numero, 0
0x00B2	0x3A01      	XORLW      1
0x00B3	0x1903      	BTFSC      STATUS, 2
0x00B4	0x287E      	GOTO       L_unidade8
0x00B5	0x0824      	MOVF       FARG_unidade_numero, 0
0x00B6	0x3A02      	XORLW      2
0x00B7	0x1903      	BTFSC      STATUS, 2
0x00B8	0x2883      	GOTO       L_unidade9
0x00B9	0x0824      	MOVF       FARG_unidade_numero, 0
0x00BA	0x3A03      	XORLW      3
0x00BB	0x1903      	BTFSC      STATUS, 2
0x00BC	0x2888      	GOTO       L_unidade10
0x00BD	0x0824      	MOVF       FARG_unidade_numero, 0
0x00BE	0x3A04      	XORLW      4
0x00BF	0x1903      	BTFSC      STATUS, 2
0x00C0	0x288D      	GOTO       L_unidade11
0x00C1	0x0824      	MOVF       FARG_unidade_numero, 0
0x00C2	0x3A05      	XORLW      5
0x00C3	0x1903      	BTFSC      STATUS, 2
0x00C4	0x2892      	GOTO       L_unidade12
0x00C5	0x0824      	MOVF       FARG_unidade_numero, 0
0x00C6	0x3A06      	XORLW      6
0x00C7	0x1903      	BTFSC      STATUS, 2
0x00C8	0x2897      	GOTO       L_unidade13
0x00C9	0x0824      	MOVF       FARG_unidade_numero, 0
0x00CA	0x3A07      	XORLW      7
0x00CB	0x1903      	BTFSC      STATUS, 2
0x00CC	0x289C      	GOTO       L_unidade14
0x00CD	0x0824      	MOVF       FARG_unidade_numero, 0
0x00CE	0x3A08      	XORLW      8
0x00CF	0x1903      	BTFSC      STATUS, 2
0x00D0	0x28A1      	GOTO       L_unidade15
0x00D1	0x0824      	MOVF       FARG_unidade_numero, 0
0x00D2	0x3A09      	XORLW      9
0x00D3	0x1903      	BTFSC      STATUS, 2
0x00D4	0x28A6      	GOTO       L_unidade16
L_unidade6:
;Aula14_16g_7Seg_Proj_.c,120 :: 		}
L_end_unidade:
0x00D5	0x0008      	RETURN
; end of _unidade
_main:
0x00D6	0x1283      	BCF        STATUS, 5
0x00D7	0x1303      	BCF        STATUS, 6
0x00D8	0x01A0      	CLRF       _uni
0x00D9	0x01A1      	CLRF       _dez
;Aula14_16g_7Seg_Proj_.c,9 :: 		void main() {
;Aula14_16g_7Seg_Proj_.c,10 :: 		TRISA = 0b00000000;       // todos saída
0x00DA	0x1683      	BSF        STATUS, 5
0x00DB	0x0185      	CLRF       TRISA
;Aula14_16g_7Seg_Proj_.c,11 :: 		PORTA = 0b00000000;
0x00DC	0x1283      	BCF        STATUS, 5
0x00DD	0x0185      	CLRF       PORTA
;Aula14_16g_7Seg_Proj_.c,12 :: 		TRISB = 0b00000000;       // todos saída
0x00DE	0x1683      	BSF        STATUS, 5
0x00DF	0x0186      	CLRF       TRISB
;Aula14_16g_7Seg_Proj_.c,13 :: 		PORTB = 0b00000000;
0x00E0	0x1283      	BCF        STATUS, 5
0x00E1	0x0186      	CLRF       PORTB
;Aula14_16g_7Seg_Proj_.c,14 :: 		CMCON = 7; // desabilita os comparadores.
0x00E2	0x3007      	MOVLW      7
0x00E3	0x009F      	MOVWF      CMCON
;Aula14_16g_7Seg_Proj_.c,17 :: 		while(1){
L_main0:
;Aula14_16g_7Seg_Proj_.c,20 :: 		uni ++;
0x00E4	0x0AA0      	INCF       _uni, 1
;Aula14_16g_7Seg_Proj_.c,22 :: 		unidade(uni);
0x00E5	0x0820      	MOVF       _uni, 0
0x00E6	0x00A4      	MOVWF      FARG_unidade_numero
0x00E7	0x2076      	CALL       _unidade
;Aula14_16g_7Seg_Proj_.c,23 :: 		dezena(dez);
0x00E8	0x0821      	MOVF       _dez, 0
0x00E9	0x00A4      	MOVWF      FARG_dezena_numero
0x00EA	0x2016      	CALL       _dezena
;Aula14_16g_7Seg_Proj_.c,25 :: 		if( uni == 10){
0x00EB	0x0820      	MOVF       _uni, 0
0x00EC	0x3A0A      	XORLW      10
0x00ED	0x1D03      	BTFSS      STATUS, 2
0x00EE	0x28F6      	GOTO       L_main2
;Aula14_16g_7Seg_Proj_.c,26 :: 		uni = 0;
0x00EF	0x01A0      	CLRF       _uni
;Aula14_16g_7Seg_Proj_.c,27 :: 		dez ++;
0x00F0	0x0AA1      	INCF       _dez, 1
;Aula14_16g_7Seg_Proj_.c,28 :: 		unidade(uni);
0x00F1	0x01A4      	CLRF       FARG_unidade_numero
0x00F2	0x2076      	CALL       _unidade
;Aula14_16g_7Seg_Proj_.c,29 :: 		dezena(dez);
0x00F3	0x0821      	MOVF       _dez, 0
0x00F4	0x00A4      	MOVWF      FARG_dezena_numero
0x00F5	0x2016      	CALL       _dezena
;Aula14_16g_7Seg_Proj_.c,31 :: 		}  if ( dez  == 10){
L_main2:
0x00F6	0x0821      	MOVF       _dez, 0
0x00F7	0x3A0A      	XORLW      10
0x00F8	0x1D03      	BTFSS      STATUS, 2
0x00F9	0x28FD      	GOTO       L_main3
;Aula14_16g_7Seg_Proj_.c,33 :: 		dez = 0;
0x00FA	0x01A1      	CLRF       _dez
;Aula14_16g_7Seg_Proj_.c,34 :: 		dezena(dez);
0x00FB	0x01A4      	CLRF       FARG_dezena_numero
0x00FC	0x2016      	CALL       _dezena
;Aula14_16g_7Seg_Proj_.c,36 :: 		}
L_main3:
;Aula14_16g_7Seg_Proj_.c,37 :: 		delay_ms(50);
0x00FD	0x3041      	MOVLW      65
0x00FE	0x00FC      	MOVWF      R12
0x00FF	0x30EE      	MOVLW      238
0x0100	0x00FD      	MOVWF      R13
L_main4:
0x0101	0x0BFD      	DECFSZ     R13, 1
0x0102	0x2901      	GOTO       L_main4
0x0103	0x0BFC      	DECFSZ     R12, 1
0x0104	0x2901      	GOTO       L_main4
0x0105	0x0000      	NOP
;Aula14_16g_7Seg_Proj_.c,39 :: 		}
0x0106	0x28E4      	GOTO       L_main0
;Aula14_16g_7Seg_Proj_.c,41 :: 		}
L_end_main:
0x0107	0x2907      	GOTO       $+0
; end of _main
Symbol List:
//** Routines locations **
//ADDRESS    SIZE    PROCEDURE
//----------------------------------------------
0x0003       [7]    _____DoICP
0x000A      [12]    ___CC2DW
0x0016      [96]    _dezena
0x0076      [96]    _unidade
0x00D6      [50]    _main
//** Variables locations ** 
//ADDRESS    SIZE    VARIABLE
//----------------------------------------------
0x0000       [1]    INDF
0x0002       [1]    PCL
0x0003       [1]    STATUS
0x0004       [1]    FSR
0x0005       [1]    PORTA
0x0006       [0]    RB7_bit
0x0006       [0]    RB1_bit
0x0006       [0]    RB4_bit
0x0006       [0]    RB3_bit
0x0006       [0]    RB2_bit
0x0006       [0]    RB6_bit
0x0006       [1]    PORTB
0x0006       [0]    RB0_bit
0x0006       [0]    RB5_bit
0x000A       [1]    PCLATH
0x001F       [1]    CMCON
0x0020       [1]    _uni
0x0021       [1]    _dez
0x0022       [2]    ___DoICPAddr
0x0024       [1]    FARG_unidade_numero
0x0024       [1]    FARG_dezena_numero
0x0070       [1]    R0
0x0071       [1]    R1
0x0072       [1]    R2
0x0073       [1]    R3
0x0074       [1]    R4
0x0075       [1]    R5
0x0076       [1]    R6
0x0077       [1]    R7
0x0078       [1]    R8
0x0079       [1]    R9
0x007A       [1]    R10
0x007B       [1]    R11
0x007C       [1]    R12
0x007D       [1]    R13
0x007E       [1]    R14
0x007F       [1]    R15
0x0085       [1]    TRISA
0x0086       [1]    TRISB
