;  LST file generated by mikroListExporter - v.2.0 
; Date/Time: 23/08/2019 15:30:33
;----------------------------------------------

;Address Opcode 	ASM
0x0000	0x2848      	GOTO       72
_servo1_horario:
;Aula10_Pic16ServoMotor_.c,33 :: 		void servo1_horario(){   // pulso de 2 ms ativa o sentido horario
;Aula10_Pic16ServoMotor_.c,34 :: 		servo1 = 0;
0x0003	0x1283      	BCF        STATUS, 5
0x0004	0x1303      	BCF        STATUS, 6
0x0005	0x1006      	BCF        RB0_bit, BitPos(RB0_bit+0)
;Aula10_Pic16ServoMotor_.c,35 :: 		delay_us(18000);
0x0006	0x3018      	MOVLW      24
0x0007	0x00FC      	MOVWF      R12
0x0008	0x305F      	MOVLW      95
0x0009	0x00FD      	MOVWF      R13
L_servo1_horario10:
0x000A	0x0BFD      	DECFSZ     R13, 1
0x000B	0x280A      	GOTO       L_servo1_horario10
0x000C	0x0BFC      	DECFSZ     R12, 1
0x000D	0x280A      	GOTO       L_servo1_horario10
;Aula10_Pic16ServoMotor_.c,36 :: 		servo1 = 1;
0x000E	0x1406      	BSF        RB0_bit, BitPos(RB0_bit+0)
;Aula10_Pic16ServoMotor_.c,37 :: 		delay_us(2000);
0x000F	0x3003      	MOVLW      3
0x0010	0x00FC      	MOVWF      R12
0x0011	0x3097      	MOVLW      151
0x0012	0x00FD      	MOVWF      R13
L_servo1_horario11:
0x0013	0x0BFD      	DECFSZ     R13, 1
0x0014	0x2813      	GOTO       L_servo1_horario11
0x0015	0x0BFC      	DECFSZ     R12, 1
0x0016	0x2813      	GOTO       L_servo1_horario11
0x0017	0x0000      	NOP
0x0018	0x0000      	NOP
;Aula10_Pic16ServoMotor_.c,38 :: 		}
L_end_servo1_horario:
0x0019	0x0008      	RETURN
; end of _servo1_horario
_servo1_centro:
;Aula10_Pic16ServoMotor_.c,41 :: 		void servo1_centro(){       // pulso 1.5 ms ativa o centro
;Aula10_Pic16ServoMotor_.c,42 :: 		servo1 = 0;
0x001A	0x1283      	BCF        STATUS, 5
0x001B	0x1303      	BCF        STATUS, 6
0x001C	0x1006      	BCF        RB0_bit, BitPos(RB0_bit+0)
;Aula10_Pic16ServoMotor_.c,43 :: 		delay_us(18500);
0x001D	0x3019      	MOVLW      25
0x001E	0x00FC      	MOVWF      R12
0x001F	0x3005      	MOVLW      5
0x0020	0x00FD      	MOVWF      R13
L_servo1_centro12:
0x0021	0x0BFD      	DECFSZ     R13, 1
0x0022	0x2821      	GOTO       L_servo1_centro12
0x0023	0x0BFC      	DECFSZ     R12, 1
0x0024	0x2821      	GOTO       L_servo1_centro12
;Aula10_Pic16ServoMotor_.c,44 :: 		servo1 = 1;
0x0025	0x1406      	BSF        RB0_bit, BitPos(RB0_bit+0)
;Aula10_Pic16ServoMotor_.c,45 :: 		delay_us(1500);
0x0026	0x3002      	MOVLW      2
0x0027	0x00FC      	MOVWF      R12
0x0028	0x30F1      	MOVLW      241
0x0029	0x00FD      	MOVWF      R13
L_servo1_centro13:
0x002A	0x0BFD      	DECFSZ     R13, 1
0x002B	0x282A      	GOTO       L_servo1_centro13
0x002C	0x0BFC      	DECFSZ     R12, 1
0x002D	0x282A      	GOTO       L_servo1_centro13
0x002E	0x0000      	NOP
0x002F	0x0000      	NOP
;Aula10_Pic16ServoMotor_.c,46 :: 		}
L_end_servo1_centro:
0x0030	0x0008      	RETURN
; end of _servo1_centro
_servo1_antiHorario:
;Aula10_Pic16ServoMotor_.c,49 :: 		void servo1_antiHorario(){   // pulso de 1 ms ativa o sentido anti-horario
;Aula10_Pic16ServoMotor_.c,51 :: 		servo1 = 0;
0x0031	0x1283      	BCF        STATUS, 5
0x0032	0x1303      	BCF        STATUS, 6
0x0033	0x1006      	BCF        RB0_bit, BitPos(RB0_bit+0)
;Aula10_Pic16ServoMotor_.c,52 :: 		delay_us(19000);
0x0034	0x3019      	MOVLW      25
0x0035	0x00FC      	MOVWF      R12
0x0036	0x30AB      	MOVLW      171
0x0037	0x00FD      	MOVWF      R13
L_servo1_antiHorario14:
0x0038	0x0BFD      	DECFSZ     R13, 1
0x0039	0x2838      	GOTO       L_servo1_antiHorario14
0x003A	0x0BFC      	DECFSZ     R12, 1
0x003B	0x2838      	GOTO       L_servo1_antiHorario14
0x003C	0x0000      	NOP
0x003D	0x0000      	NOP
;Aula10_Pic16ServoMotor_.c,53 :: 		servo1 = 1;
0x003E	0x1406      	BSF        RB0_bit, BitPos(RB0_bit+0)
;Aula10_Pic16ServoMotor_.c,54 :: 		delay_us(1000);
0x003F	0x3002      	MOVLW      2
0x0040	0x00FC      	MOVWF      R12
0x0041	0x304B      	MOVLW      75
0x0042	0x00FD      	MOVWF      R13
L_servo1_antiHorario15:
0x0043	0x0BFD      	DECFSZ     R13, 1
0x0044	0x2843      	GOTO       L_servo1_antiHorario15
0x0045	0x0BFC      	DECFSZ     R12, 1
0x0046	0x2843      	GOTO       L_servo1_antiHorario15
;Aula10_Pic16ServoMotor_.c,55 :: 		}
L_end_servo1_antiHorario:
0x0047	0x0008      	RETURN
; end of _servo1_antiHorario
_main:
;Aula10_Pic16ServoMotor_.c,12 :: 		void main()
;Aula10_Pic16ServoMotor_.c,14 :: 		CMCON = 7; //desabilitar os comparadores
0x0048	0x3007      	MOVLW      7
0x0049	0x1283      	BCF        STATUS, 5
0x004A	0x1303      	BCF        STATUS, 6
0x004B	0x009F      	MOVWF      CMCON
;Aula10_Pic16ServoMotor_.c,15 :: 		TRISA = 3; //indica que S1 e S2 como entrada e o restante saida. 0b00000011 = 3
0x004C	0x3003      	MOVLW      3
0x004D	0x1683      	BSF        STATUS, 5
0x004E	0x0085      	MOVWF      TRISA
;Aula10_Pic16ServoMotor_.c,16 :: 		TRISB = 0; // todos saída
0x004F	0x0186      	CLRF       TRISB
;Aula10_Pic16ServoMotor_.c,18 :: 		PORTA = 3;   // s1 e s2 em high e led1 e 2 em high  3 = 0b00000011;
0x0050	0x3003      	MOVLW      3
0x0051	0x1283      	BCF        STATUS, 5
0x0052	0x0085      	MOVWF      PORTA
;Aula10_Pic16ServoMotor_.c,19 :: 		PORTB = 0;
0x0053	0x0186      	CLRF       PORTB
;Aula10_Pic16ServoMotor_.c,21 :: 		while(1){
L_main0:
;Aula10_Pic16ServoMotor_.c,23 :: 		if(S1 == 0 && S2 == 1) servo1_horario();
0x0054	0x1885      	BTFSC      RA1_bit, BitPos(RA1_bit+0)
0x0055	0x285A      	GOTO       L_main4
0x0056	0x1C05      	BTFSS      RA0_bit, BitPos(RA0_bit+0)
0x0057	0x285A      	GOTO       L_main4
L__main17:
0x0058	0x2003      	CALL       _servo1_horario
0x0059	0x2861      	GOTO       L_main5
L_main4:
;Aula10_Pic16ServoMotor_.c,24 :: 		else if(S1 == 1 && S2 == 0)  servo1_antiHorario();
0x005A	0x1C85      	BTFSS      RA1_bit, BitPos(RA1_bit+0)
0x005B	0x2860      	GOTO       L_main8
0x005C	0x1805      	BTFSC      RA0_bit, BitPos(RA0_bit+0)
0x005D	0x2860      	GOTO       L_main8
L__main16:
0x005E	0x2031      	CALL       _servo1_antiHorario
0x005F	0x2861      	GOTO       L_main9
L_main8:
;Aula10_Pic16ServoMotor_.c,25 :: 		else servo1_centro();
0x0060	0x201A      	CALL       _servo1_centro
L_main9:
L_main5:
;Aula10_Pic16ServoMotor_.c,29 :: 		}
0x0061	0x2854      	GOTO       L_main0
;Aula10_Pic16ServoMotor_.c,31 :: 		}
L_end_main:
0x0062	0x2862      	GOTO       $+0
; end of _main
Symbol List:
//** Routines locations **
//ADDRESS    SIZE    PROCEDURE
//----------------------------------------------
0x0003      [23]    _servo1_horario
0x001A      [23]    _servo1_centro
0x0031      [23]    _servo1_antiHorario
0x0048      [27]    _main
//** Variables locations ** 
//ADDRESS    SIZE    VARIABLE
//----------------------------------------------
0x0000       [1]    INDF
0x0003       [1]    STATUS
0x0004       [1]    FSR
0x0005       [1]    PORTA
0x0005       [0]    RA1_bit
0x0005       [0]    RA0_bit
0x0006       [1]    PORTB
0x0006       [0]    RB0_bit
0x000A       [1]    PCLATH
0x001F       [1]    CMCON
0x0020       [2]    ___DoICPAddr
0x0070       [1]    R0
0x0071       [1]    R1
0x0072       [1]    R2
0x0073       [1]    R3
0x0074       [1]    R4
0x0075       [1]    R5
0x0076       [1]    R6
0x0077       [1]    R7
0x0078       [1]    R8
0x0079       [1]    R9
0x007A       [1]    R10
0x007B       [1]    R11
0x007C       [1]    R12
0x007D       [1]    R13
0x007E       [1]    R14
0x007F       [1]    R15
0x0085       [1]    TRISA
0x0086       [1]    TRISB
