;  LST file generated by mikroListExporter - v.2.0 
; Date/Time: 21/08/2019 11:01:52
;----------------------------------------------

;Address Opcode 	ASM
0x0000	0x2825      	GOTO       37
_piscaLed:
;Aula1.c,13 :: 		void piscaLed(){
;Aula1.c,15 :: 		while(1){
L_piscaLed0:
;Aula1.c,16 :: 		PORTB = 0b00000010;
0x0003	0x3002      	MOVLW      2
0x0004	0x1283      	BCF        STATUS, 5
0x0005	0x0086      	MOVWF      PORTB
;Aula1.c,17 :: 		delay_ms(500);
0x0006	0x3003      	MOVLW      3
0x0007	0x00CB      	MOVWF      R11
0x0008	0x308A      	MOVLW      138
0x0009	0x00CC      	MOVWF      R12
0x000A	0x3055      	MOVLW      85
0x000B	0x00CD      	MOVWF      R13
L_piscaLed2:
0x000C	0x0BCD      	DECFSZ     R13, 1
0x000D	0x280C      	GOTO       L_piscaLed2
0x000E	0x0BCC      	DECFSZ     R12, 1
0x000F	0x280C      	GOTO       L_piscaLed2
0x0010	0x0BCB      	DECFSZ     R11, 1
0x0011	0x280C      	GOTO       L_piscaLed2
0x0012	0x0000      	NOP
0x0013	0x0000      	NOP
;Aula1.c,18 :: 		PORTB = 0;
0x0014	0x0186      	CLRF       PORTB
;Aula1.c,19 :: 		delay_ms(500);
0x0015	0x3003      	MOVLW      3
0x0016	0x00CB      	MOVWF      R11
0x0017	0x308A      	MOVLW      138
0x0018	0x00CC      	MOVWF      R12
0x0019	0x3055      	MOVLW      85
0x001A	0x00CD      	MOVWF      R13
L_piscaLed3:
0x001B	0x0BCD      	DECFSZ     R13, 1
0x001C	0x281B      	GOTO       L_piscaLed3
0x001D	0x0BCC      	DECFSZ     R12, 1
0x001E	0x281B      	GOTO       L_piscaLed3
0x001F	0x0BCB      	DECFSZ     R11, 1
0x0020	0x281B      	GOTO       L_piscaLed3
0x0021	0x0000      	NOP
0x0022	0x0000      	NOP
;Aula1.c,20 :: 		}
0x0023	0x2803      	GOTO       L_piscaLed0
;Aula1.c,22 :: 		}
L_end_piscaLed:
0x0024	0x0008      	RETURN
; end of _piscaLed
_main:
;Aula1.c,3 :: 		void main() {
;Aula1.c,5 :: 		TRISB = 0; // todos como saida
0x0025	0x1683      	BSF        STATUS, 5
0x0026	0x0186      	CLRF       TRISB
;Aula1.c,6 :: 		PORTB = 0; // todos em low
0x0027	0x1283      	BCF        STATUS, 5
0x0028	0x0186      	CLRF       PORTB
;Aula1.c,8 :: 		piscaLed();
0x0029	0x2003      	CALL       _piscaLed
;Aula1.c,10 :: 		}
L_end_main:
0x002A	0x282A      	GOTO       $+0
; end of _main
Symbol List:
//** Routines locations **
//ADDRESS    SIZE    PROCEDURE
//----------------------------------------------
0x0003      [34]    _piscaLed
0x0025       [6]    _main
//** Variables locations ** 
//ADDRESS    SIZE    VARIABLE
//----------------------------------------------
0x0000       [1]    INDF
0x0003       [1]    STATUS
0x0004       [1]    FSR
0x0006       [1]    PORTB
0x000A       [1]    PCLATH
0x000C       [2]    ___DoICPAddr
0x0040       [1]    R0
0x0041       [1]    R1
0x0042       [1]    R2
0x0043       [1]    R3
0x0044       [1]    R4
0x0045       [1]    R5
0x0046       [1]    R6
0x0047       [1]    R7
0x0048       [1]    R8
0x0049       [1]    R9
0x004A       [1]    R10
0x004B       [1]    R11
0x004C       [1]    R12
0x004D       [1]    R13
0x004E       [1]    R14
0x004F       [1]    R15
0x0086       [1]    TRISB
