;  LST file generated by mikroListExporter - v.2.0 
; Date/Time: 29/08/2019 10:31:27
;----------------------------------------------

;Address Opcode 	ASM
0x0000	0x2803      	GOTO       3
_main:
;Aula19_16F628A_Registradores_.c,1 :: 		void main() {
;Aula19_16F628A_Registradores_.c,3 :: 		TRISD = 0; // saida
0x0003	0x1683      	BSF        STATUS, 5
0x0004	0x1303      	BCF        STATUS, 6
0x0005	0x0188      	CLRF       TRISD
;Aula19_16F628A_Registradores_.c,4 :: 		CMCON = 7; // comparadores des.
0x0006	0x3007      	MOVLW      7
0x0007	0x009C      	MOVWF      CMCON
;Aula19_16F628A_Registradores_.c,5 :: 		PORTD = 0; // em low
0x0008	0x1283      	BCF        STATUS, 5
0x0009	0x0188      	CLRF       PORTD
;Aula19_16F628A_Registradores_.c,7 :: 		while(1){
L_main0:
;Aula19_16F628A_Registradores_.c,8 :: 		RD0_bit = 0;
0x000A	0x1008      	BCF        RD0_bit, BitPos(RD0_bit+0)
;Aula19_16F628A_Registradores_.c,9 :: 		delay_ms(50);
0x000B	0x3082      	MOVLW      130
0x000C	0x00FC      	MOVWF      R12
0x000D	0x30DD      	MOVLW      221
0x000E	0x00FD      	MOVWF      R13
L_main2:
0x000F	0x0BFD      	DECFSZ     R13, 1
0x0010	0x280F      	GOTO       L_main2
0x0011	0x0BFC      	DECFSZ     R12, 1
0x0012	0x280F      	GOTO       L_main2
0x0013	0x0000      	NOP
0x0014	0x0000      	NOP
;Aula19_16F628A_Registradores_.c,10 :: 		RD0_bit = 1;
0x0015	0x1408      	BSF        RD0_bit, BitPos(RD0_bit+0)
;Aula19_16F628A_Registradores_.c,11 :: 		delay_ms(50);
0x0016	0x3082      	MOVLW      130
0x0017	0x00FC      	MOVWF      R12
0x0018	0x30DD      	MOVLW      221
0x0019	0x00FD      	MOVWF      R13
L_main3:
0x001A	0x0BFD      	DECFSZ     R13, 1
0x001B	0x281A      	GOTO       L_main3
0x001C	0x0BFC      	DECFSZ     R12, 1
0x001D	0x281A      	GOTO       L_main3
0x001E	0x0000      	NOP
0x001F	0x0000      	NOP
;Aula19_16F628A_Registradores_.c,13 :: 		}
0x0020	0x280A      	GOTO       L_main0
;Aula19_16F628A_Registradores_.c,16 :: 		}
L_end_main:
0x0021	0x2821      	GOTO       $+0
; end of _main
Symbol List:
//** Routines locations **
//ADDRESS    SIZE    PROCEDURE
//----------------------------------------------
0x0003      [31]    _main
//** Variables locations ** 
//ADDRESS    SIZE    VARIABLE
//----------------------------------------------
0x0000       [1]    INDF
0x0003       [1]    STATUS
0x0004       [1]    FSR
0x0008       [1]    PORTD
0x0008       [0]    RD0_bit
0x000A       [1]    PCLATH
0x0020       [2]    ___DoICPAddr
0x0070       [1]    R0
0x0071       [1]    R1
0x0072       [1]    R2
0x0073       [1]    R3
0x0074       [1]    R4
0x0075       [1]    R5
0x0076       [1]    R6
0x0077       [1]    R7
0x0078       [1]    R8
0x0079       [1]    R9
0x007A       [1]    R10
0x007B       [1]    R11
0x007C       [1]    R12
0x007D       [1]    R13
0x007E       [1]    R14
0x007F       [1]    R15
0x0088       [1]    TRISD
0x009C       [1]    CMCON
