;  LST file generated by mikroListExporter - v.2.0 
; Date/Time: 23/08/2019 11:11:56
;----------------------------------------------

;Address Opcode 	ASM
0x0000	0x284F      	GOTO       79
_prog1:
;Aula8_16F628A_.c,26 :: 		void prog1(){
;Aula8_16F628A_.c,28 :: 		if(S1 == 0)
0x0003	0x1283      	BCF        STATUS, 5
0x0004	0x1303      	BCF        STATUS, 6
0x0005	0x1885      	BTFSC      RA1_bit, BitPos(RA1_bit+0)
0x0006	0x2828      	GOTO       L_prog12
;Aula8_16F628A_.c,29 :: 		while(1){
L_prog13:
;Aula8_16F628A_.c,30 :: 		Led1 = 1;
0x0007	0x1505      	BSF        RA2_bit, BitPos(RA2_bit+0)
;Aula8_16F628A_.c,31 :: 		Led2 = 0;
0x0008	0x1185      	BCF        RA3_bit, BitPos(RA3_bit+0)
;Aula8_16F628A_.c,32 :: 		delay_ms(500);
0x0009	0x3003      	MOVLW      3
0x000A	0x00FB      	MOVWF      R11
0x000B	0x308A      	MOVLW      138
0x000C	0x00FC      	MOVWF      R12
0x000D	0x3055      	MOVLW      85
0x000E	0x00FD      	MOVWF      R13
L_prog15:
0x000F	0x0BFD      	DECFSZ     R13, 1
0x0010	0x280F      	GOTO       L_prog15
0x0011	0x0BFC      	DECFSZ     R12, 1
0x0012	0x280F      	GOTO       L_prog15
0x0013	0x0BFB      	DECFSZ     R11, 1
0x0014	0x280F      	GOTO       L_prog15
0x0015	0x0000      	NOP
0x0016	0x0000      	NOP
;Aula8_16F628A_.c,33 :: 		Led1 = 0;
0x0017	0x1105      	BCF        RA2_bit, BitPos(RA2_bit+0)
;Aula8_16F628A_.c,34 :: 		Led2 = 1;
0x0018	0x1585      	BSF        RA3_bit, BitPos(RA3_bit+0)
;Aula8_16F628A_.c,35 :: 		delay_ms(500);
0x0019	0x3003      	MOVLW      3
0x001A	0x00FB      	MOVWF      R11
0x001B	0x308A      	MOVLW      138
0x001C	0x00FC      	MOVWF      R12
0x001D	0x3055      	MOVLW      85
0x001E	0x00FD      	MOVWF      R13
L_prog16:
0x001F	0x0BFD      	DECFSZ     R13, 1
0x0020	0x281F      	GOTO       L_prog16
0x0021	0x0BFC      	DECFSZ     R12, 1
0x0022	0x281F      	GOTO       L_prog16
0x0023	0x0BFB      	DECFSZ     R11, 1
0x0024	0x281F      	GOTO       L_prog16
0x0025	0x0000      	NOP
0x0026	0x0000      	NOP
;Aula8_16F628A_.c,36 :: 		}
0x0027	0x2807      	GOTO       L_prog13
L_prog12:
;Aula8_16F628A_.c,38 :: 		}
L_end_prog1:
0x0028	0x0008      	RETURN
; end of _prog1
_prog2:
;Aula8_16F628A_.c,40 :: 		void prog2(){
;Aula8_16F628A_.c,42 :: 		if(S2 == 0)
0x0029	0x1283      	BCF        STATUS, 5
0x002A	0x1303      	BCF        STATUS, 6
0x002B	0x1805      	BTFSC      RA0_bit, BitPos(RA0_bit+0)
0x002C	0x284E      	GOTO       L_prog27
;Aula8_16F628A_.c,43 :: 		while(1){
L_prog28:
;Aula8_16F628A_.c,44 :: 		Led1 = 0;
0x002D	0x1105      	BCF        RA2_bit, BitPos(RA2_bit+0)
;Aula8_16F628A_.c,45 :: 		Led2 = 0;
0x002E	0x1185      	BCF        RA3_bit, BitPos(RA3_bit+0)
;Aula8_16F628A_.c,46 :: 		delay_ms(500);
0x002F	0x3003      	MOVLW      3
0x0030	0x00FB      	MOVWF      R11
0x0031	0x308A      	MOVLW      138
0x0032	0x00FC      	MOVWF      R12
0x0033	0x3055      	MOVLW      85
0x0034	0x00FD      	MOVWF      R13
L_prog210:
0x0035	0x0BFD      	DECFSZ     R13, 1
0x0036	0x2835      	GOTO       L_prog210
0x0037	0x0BFC      	DECFSZ     R12, 1
0x0038	0x2835      	GOTO       L_prog210
0x0039	0x0BFB      	DECFSZ     R11, 1
0x003A	0x2835      	GOTO       L_prog210
0x003B	0x0000      	NOP
0x003C	0x0000      	NOP
;Aula8_16F628A_.c,47 :: 		Led1 = 1;
0x003D	0x1505      	BSF        RA2_bit, BitPos(RA2_bit+0)
;Aula8_16F628A_.c,48 :: 		Led2 = 1;
0x003E	0x1585      	BSF        RA3_bit, BitPos(RA3_bit+0)
;Aula8_16F628A_.c,49 :: 		delay_ms(500);
0x003F	0x3003      	MOVLW      3
0x0040	0x00FB      	MOVWF      R11
0x0041	0x308A      	MOVLW      138
0x0042	0x00FC      	MOVWF      R12
0x0043	0x3055      	MOVLW      85
0x0044	0x00FD      	MOVWF      R13
L_prog211:
0x0045	0x0BFD      	DECFSZ     R13, 1
0x0046	0x2845      	GOTO       L_prog211
0x0047	0x0BFC      	DECFSZ     R12, 1
0x0048	0x2845      	GOTO       L_prog211
0x0049	0x0BFB      	DECFSZ     R11, 1
0x004A	0x2845      	GOTO       L_prog211
0x004B	0x0000      	NOP
0x004C	0x0000      	NOP
;Aula8_16F628A_.c,50 :: 		}
0x004D	0x282D      	GOTO       L_prog28
L_prog27:
;Aula8_16F628A_.c,53 :: 		}
L_end_prog2:
0x004E	0x0008      	RETURN
; end of _prog2
_main:
;Aula8_16F628A_.c,11 :: 		void main() {
;Aula8_16F628A_.c,12 :: 		CMCON = 7; // desabilita comparadores
0x004F	0x3007      	MOVLW      7
0x0050	0x1283      	BCF        STATUS, 5
0x0051	0x1303      	BCF        STATUS, 6
0x0052	0x009F      	MOVWF      CMCON
;Aula8_16F628A_.c,13 :: 		TRISA = 3; // 0b00000011 ou 3 -> ra0 e 1 como entrada e o restante saida
0x0053	0x3003      	MOVLW      3
0x0054	0x1683      	BSF        STATUS, 5
0x0055	0x0085      	MOVWF      TRISA
;Aula8_16F628A_.c,14 :: 		PORTA = 3;  // 0b00000011 ou 3 -> ra0 e 1 em high(resistor de pull-up) e o restante em low
0x0056	0x3003      	MOVLW      3
0x0057	0x1283      	BCF        STATUS, 5
0x0058	0x0085      	MOVWF      PORTA
;Aula8_16F628A_.c,17 :: 		while(1){
L_main0:
;Aula8_16F628A_.c,18 :: 		prog1();
0x0059	0x2003      	CALL       _prog1
;Aula8_16F628A_.c,19 :: 		prog2();
0x005A	0x2029      	CALL       _prog2
;Aula8_16F628A_.c,20 :: 		}
0x005B	0x2859      	GOTO       L_main0
;Aula8_16F628A_.c,23 :: 		}
L_end_main:
0x005C	0x285C      	GOTO       $+0
; end of _main
Symbol List:
//** Routines locations **
//ADDRESS    SIZE    PROCEDURE
//----------------------------------------------
0x0003      [38]    _prog1
0x0029      [38]    _prog2
0x004F      [14]    _main
//** Variables locations ** 
//ADDRESS    SIZE    VARIABLE
//----------------------------------------------
0x0000       [1]    INDF
0x0003       [1]    STATUS
0x0004       [1]    FSR
0x0005       [0]    RA2_bit
0x0005       [0]    RA3_bit
0x0005       [0]    RA1_bit
0x0005       [0]    RA0_bit
0x0005       [1]    PORTA
0x000A       [1]    PCLATH
0x001F       [1]    CMCON
0x0020       [2]    ___DoICPAddr
0x0070       [1]    R0
0x0071       [1]    R1
0x0072       [1]    R2
0x0073       [1]    R3
0x0074       [1]    R4
0x0075       [1]    R5
0x0076       [1]    R6
0x0077       [1]    R7
0x0078       [1]    R8
0x0079       [1]    R9
0x007A       [1]    R10
0x007B       [1]    R11
0x007C       [1]    R12
0x007D       [1]    R13
0x007E       [1]    R14
0x007F       [1]    R15
0x0085       [1]    TRISA
