
ROM used:   77/2048 (4%)
            77/2048 (4%) including unused fragments

            0.1 Average locations per line
            9.6 Average locations per statement

RAM used:   17/224 (8%) at main() level
            18/224 (8%) worst case

Stack used: 0 worst case (0 in main + 0 for interrupts)
Stack size: 8

Lines Stmts  %   Files
----- ----- ---  -----
   86     8 100  aula3.c
  530     0   0  ..\..\..\..\..\Program Files (x86)\PICC\Devices\16F628A.h
----- -----
  616     8 Total

Page ROM  %  RAM    Vol Diff  Functions:
---- --- --- ---    --- ----  ----------
0     21  27    1             @delay_ms1
0     52  68    2    158  3.9  main
 Inline         0             @cinit1

Program metrics:
    Functions               1
    Statements              8
    Comments                146
    Volume (V)              162
    Difficulty (D)          3.5
    Effort to implement (E) 566
    Time to implement (T)   1 minutes
    Est Delivered Bugs (B)  0
    Cyclomatic Complexity   1
    Maintainability (MI)    104

 Segment     Used  Free
-----------  ----  ----
00000-00003     4  0  
00004-007FF    73  1971  



